
extDB3: https://bitbucket.org/torndeco/extdb3/wiki/Home
extDB3: Version: 1.031
extDB3: Windows Version
Message: All development for extDB3 is done on a Linux Dedicated Server
Message: If you would like to Donate to extDB3 Development
Message: https://www.paypal.com/cgi-bin/webscr?cmd=_s-xclick&hosted_button_id=2SUEFTGABTAM2
Message: Also leave a message if there is any particular feature you would like to see added.
Message: Thanks for all the people that have donated.
Message: Torndeco: 18/05/15


extDB3: Found extdb3-conf.ini
extDB3: Detected 8 Cores, Setting up 6 Worker Threads
extDB3: ...
extDB3: ...
extDB3: ...
extDB3: ...
extDB3: ...
extDB3: ...


[14:02:32:025306 +01:00] [Thread 14256] extDB3: SQL: Initialized: Add Quotes around TEXT Datatypes mode: 2
[14:02:32:025466 +01:00] [Thread 14256] extDB3: SQL: Initialized: NULL = ""
[14:02:32:025536 +01:00] [Thread 14256] extDB3: Locked
[17:55:42:991560 +01:00] [Thread 6844] extDB3: SQL: Error MariaDBQueryException: Unknown column 'playerid' in 'where clause'
[17:55:42:991619 +01:00] [Thread 6844] extDB3: SQL: Error MariaDBQueryException: Input: UPDATE players SET jail_time='10' WHERE playerid='76561198363499291'
[19:04:22:367793 +01:00] [Thread 13688] extDB3: SQL: Error MariaDBQueryException: Unknown column 'playerid' in 'where clause'
[19:04:22:367897 +01:00] [Thread 13688] extDB3: SQL: Error MariaDBQueryException: Input: UPDATE players SET jail_time='15' WHERE playerid='76561198023401601'
