
extDB3: https://bitbucket.org/torndeco/extdb3/wiki/Home
extDB3: Version: 1.031
extDB3: Windows Version
Message: All development for extDB3 is done on a Linux Dedicated Server
Message: If you would like to Donate to extDB3 Development
Message: https://www.paypal.com/cgi-bin/webscr?cmd=_s-xclick&hosted_button_id=2SUEFTGABTAM2
Message: Also leave a message if there is any particular feature you would like to see added.
Message: Thanks for all the people that have donated.
Message: Torndeco: 18/05/15


extDB3: Found extdb3-conf.ini
extDB3: Detected 8 Cores, Setting up 6 Worker Threads
extDB3: ...
extDB3: ...
extDB3: ...
extDB3: ...
extDB3: ...
extDB3: ...


[20:01:28:686068 +01:00] [Thread 12140] extDB3: SQL: Initialized: Add Quotes around TEXT Datatypes mode: 2
[20:01:28:686242 +01:00] [Thread 12140] extDB3: SQL: Initialized: NULL = ""
[20:01:28:686320 +01:00] [Thread 12140] extDB3: Locked
[22:52:52:737839 +01:00] [Thread 3172] extDB3: SQL: Error MariaDBQueryException: Unknown column 'playerid' in 'where clause'
[22:52:52:737939 +01:00] [Thread 3172] extDB3: SQL: Error MariaDBQueryException: Input: UPDATE players SET jail_time='5' WHERE playerid='76561198399558439'
[01:19:40:072252 +01:00] [Thread 8972] extDB3: SQL: Error MariaDBQueryException: Unknown column 'playerid' in 'where clause'
[01:19:40:072383 +01:00] [Thread 8972] extDB3: SQL: Error MariaDBQueryException: Input: UPDATE players SET jail_time='10' WHERE playerid='76561197998337390'
[01:30:24:671893 +01:00] [Thread 8972] extDB3: SQL: Error MariaDBQueryException: Unknown column 'playerid' in 'where clause'
[01:30:24:671960 +01:00] [Thread 8972] extDB3: SQL: Error MariaDBQueryException: Input: UPDATE players SET jail_time='15' WHERE playerid='76561198137020663'
