
extDB3: https://bitbucket.org/torndeco/extdb3/wiki/Home
extDB3: Version: 1.031
extDB3: Windows Version
Message: All development for extDB3 is done on a Linux Dedicated Server
Message: If you would like to Donate to extDB3 Development
Message: https://www.paypal.com/cgi-bin/webscr?cmd=_s-xclick&hosted_button_id=2SUEFTGABTAM2
Message: Also leave a message if there is any particular feature you would like to see added.
Message: Thanks for all the people that have donated.
Message: Torndeco: 18/05/15


extDB3: Found extdb3-conf.ini
extDB3: Detected 8 Cores, Setting up 6 Worker Threads
extDB3: ...
extDB3: ...
extDB3: ...
extDB3: ...
extDB3: ...
extDB3: ...


[00:00:47:355910 +01:00] [Thread 4868] extDB3: SQL: Initialized: Add Quotes around TEXT Datatypes mode: 2
[00:00:47:356091 +01:00] [Thread 4868] extDB3: SQL: Initialized: NULL = ""
[00:00:47:356164 +01:00] [Thread 4868] extDB3: Locked
[00:16:33:181271 +01:00] [Thread 3252] extDB3: SQL: Error MariaDBQueryException: Unknown column 'playerid' in 'where clause'
[00:16:33:181318 +01:00] [Thread 3252] extDB3: SQL: Error MariaDBQueryException: Input: UPDATE players SET jail_time='5' WHERE playerid='76561198083248272'
[00:29:48:511014 +01:00] [Thread 968] extDB3: SQL: Error MariaDBQueryException: Unknown column 'playerid' in 'where clause'
[00:29:48:511085 +01:00] [Thread 968] extDB3: SQL: Error MariaDBQueryException: Input: SELECT jail_time FROM players WHERE playerid='76561198083248272'
