
extDB3: https://bitbucket.org/torndeco/extdb3/wiki/Home
extDB3: Version: 1.031
extDB3: Windows Version
Message: All development for extDB3 is done on a Linux Dedicated Server
Message: If you would like to Donate to extDB3 Development
Message: https://www.paypal.com/cgi-bin/webscr?cmd=_s-xclick&hosted_button_id=2SUEFTGABTAM2
Message: Also leave a message if there is any particular feature you would like to see added.
Message: Thanks for all the people that have donated.
Message: Torndeco: 18/05/15


extDB3: Found extdb3-conf.ini
extDB3: Detected 8 Cores, Setting up 6 Worker Threads
extDB3: ...
extDB3: ...
extDB3: ...
extDB3: ...
extDB3: ...
extDB3: ...


[14:03:00:782930 +01:00] [Thread 6028] extDB3: SQL: Initialized: Add Quotes around TEXT Datatypes mode: 2
[14:03:00:782985 +01:00] [Thread 6028] extDB3: SQL: Initialized: NULL = ""
[14:03:00:783002 +01:00] [Thread 6028] extDB3: Locked
[17:00:50:446658 +01:00] [Thread 376] extDB3: SQL: Error MariaDBQueryException: Unknown column 'playerid' in 'where clause'
[17:00:50:446708 +01:00] [Thread 376] extDB3: SQL: Error MariaDBQueryException: Input: UPDATE players SET jail_time='10' WHERE playerid='76561198381405233'
[18:11:14:927477 +01:00] [Thread 6440] extDB3: SQL: Error MariaDBQueryException: Unknown column 'playerid' in 'where clause'
[18:11:14:927526 +01:00] [Thread 6440] extDB3: SQL: Error MariaDBQueryException: Input: UPDATE players SET jail_time='20' WHERE playerid='76561198354293959'
[18:16:45:315294 +01:00] [Thread 376] extDB3: SQL: Error MariaDBQueryException: Unknown column 'playerid' in 'where clause'
[18:16:45:315317 +01:00] [Thread 376] extDB3: SQL: Error MariaDBQueryException: Input: SELECT jail_time FROM players WHERE playerid='76561198354293959'
[19:40:35:079661 +01:00] [Thread 7024] extDB3: SQL: Error MariaDBQueryException: Unknown column 'playerid' in 'where clause'
[19:40:35:079712 +01:00] [Thread 7024] extDB3: SQL: Error MariaDBQueryException: Input: UPDATE players SET jail_time='15' WHERE playerid='76561198127763093'
