
extDB3: https://bitbucket.org/torndeco/extdb3/wiki/Home
extDB3: Version: 1.031
extDB3: Windows Version
Message: All development for extDB3 is done on a Linux Dedicated Server
Message: If you would like to Donate to extDB3 Development
Message: https://www.paypal.com/cgi-bin/webscr?cmd=_s-xclick&hosted_button_id=2SUEFTGABTAM2
Message: Also leave a message if there is any particular feature you would like to see added.
Message: Thanks for all the people that have donated.
Message: Torndeco: 18/05/15


extDB3: Found extdb3-conf.ini
extDB3: Detected 8 Cores, Setting up 6 Worker Threads
extDB3: ...
extDB3: ...
extDB3: ...
extDB3: ...
extDB3: ...
extDB3: ...


[12:00:49:605622 +02:00] [Thread 23784] extDB3: SQL: Initialized: Add Quotes around TEXT Datatypes mode: 2
[12:00:49:605686 +02:00] [Thread 23784] extDB3: SQL: Initialized: NULL = ""
[12:00:49:605703 +02:00] [Thread 23784] extDB3: Locked
[13:05:26:772282 +02:00] [Thread 18656] extDB3: SQL: Error MariaDBQueryException: Unknown column 'playerid' in 'where clause'
[13:05:26:772332 +02:00] [Thread 18656] extDB3: SQL: Error MariaDBQueryException: Input: UPDATE players SET jail_time='5' WHERE playerid='76561198080031855'
[13:05:31:343251 +02:00] [Thread 18528] extDB3: SQL: Error MariaDBQueryException: Unknown column 'playerid' in 'where clause'
[13:05:31:343268 +02:00] [Thread 18528] extDB3: SQL: Error MariaDBQueryException: Input: UPDATE players SET jail_time='15' WHERE playerid='76561198213559077'
[13:18:14:905238 +02:00] [Thread 20256] extDB3: SQL: Error MariaDBQueryException: Unknown column 'playerid' in 'where clause'
[13:18:14:905258 +02:00] [Thread 20256] extDB3: SQL: Error MariaDBQueryException: Input: UPDATE players SET jail_time='5' WHERE playerid='76561198080031855'
[13:35:38:952806 +02:00] [Thread 18528] extDB3: SQL: Error MariaDBQueryException: Unknown column 'playerid' in 'where clause'
[13:35:38:952895 +02:00] [Thread 18528] extDB3: SQL: Error MariaDBQueryException: Input: UPDATE players SET jail_time='15' WHERE playerid='76561198111334689'
[15:12:35:843518 +02:00] [Thread 23032] extDB3: SQL: Error MariaDBQueryException: Unknown column 'playerid' in 'where clause'
[15:12:35:843562 +02:00] [Thread 23032] extDB3: SQL: Error MariaDBQueryException: Input: UPDATE players SET jail_time='20' WHERE playerid='76561198039659683'
[15:14:58:847778 +02:00] [Thread 20256] extDB3: SQL: Error MariaDBQueryException: Unknown column 'playerid' in 'where clause'
[15:14:58:847799 +02:00] [Thread 20256] extDB3: SQL: Error MariaDBQueryException: Input: UPDATE players SET jail_time='20' WHERE playerid='76561198128664602'
[15:37:08:227169 +02:00] [Thread 14704] extDB3: SQL: Error MariaDBQueryException: Unknown column 'playerid' in 'where clause'
[15:37:08:232385 +02:00] [Thread 14704] extDB3: SQL: Error MariaDBQueryException: Input: UPDATE players SET jail_time='10' WHERE playerid='76561198101510493'
