
extDB3: https://bitbucket.org/torndeco/extdb3/wiki/Home
extDB3: Version: 1.031
extDB3: Windows Version
Message: All development for extDB3 is done on a Linux Dedicated Server
Message: If you would like to Donate to extDB3 Development
Message: https://www.paypal.com/cgi-bin/webscr?cmd=_s-xclick&hosted_button_id=2SUEFTGABTAM2
Message: Also leave a message if there is any particular feature you would like to see added.
Message: Thanks for all the people that have donated.
Message: Torndeco: 18/05/15


extDB3: Found extdb3-conf.ini
extDB3: Detected 8 Cores, Setting up 6 Worker Threads
extDB3: ...
extDB3: ...
extDB3: ...
extDB3: ...
extDB3: ...
extDB3: ...


[20:00:52:017551 +02:00] [Thread 5860] extDB3: SQL: Initialized: Add Quotes around TEXT Datatypes mode: 2
[20:00:52:017602 +02:00] [Thread 5860] extDB3: SQL: Initialized: NULL = ""
[20:00:52:017619 +02:00] [Thread 5860] extDB3: Locked
[21:13:16:391039 +02:00] [Thread 3740] extDB3: SQL: Error MariaDBQueryException: Unknown column 'playerid' in 'where clause'
[21:13:16:391091 +02:00] [Thread 3740] extDB3: SQL: Error MariaDBQueryException: Input: UPDATE players SET jail_time='5' WHERE playerid='76561198149269537'
[22:30:33:187438 +02:00] [Thread 6340] extDB3: SQL: Error MariaDBQueryException: Unknown column 'playerid' in 'where clause'
[22:30:33:187494 +02:00] [Thread 6340] extDB3: SQL: Error MariaDBQueryException: Input: UPDATE players SET jail_time='60' WHERE playerid='76561198262458926'
