
extDB3: https://bitbucket.org/torndeco/extdb3/wiki/Home
extDB3: Version: 1.031
extDB3: Windows Version
Message: All development for extDB3 is done on a Linux Dedicated Server
Message: If you would like to Donate to extDB3 Development
Message: https://www.paypal.com/cgi-bin/webscr?cmd=_s-xclick&hosted_button_id=2SUEFTGABTAM2
Message: Also leave a message if there is any particular feature you would like to see added.
Message: Thanks for all the people that have donated.
Message: Torndeco: 18/05/15


extDB3: Found extdb3-conf.ini
extDB3: Detected 8 Cores, Setting up 6 Worker Threads
extDB3: ...
extDB3: ...
extDB3: ...
extDB3: ...
extDB3: ...
extDB3: ...


[16:01:02:136892 +02:00] [Thread 7936] extDB3: SQL: Initialized: Add Quotes around TEXT Datatypes mode: 2
[16:01:02:136946 +02:00] [Thread 7936] extDB3: SQL: Initialized: NULL = ""
[16:01:02:136960 +02:00] [Thread 7936] extDB3: Locked
[16:44:40:139622 +02:00] [Thread 7724] extDB3: SQL: Error MariaDBQueryException: Incorrect string value: '\xC5\x81Y SI...' for column 'message' at row 1
[16:44:40:139669 +02:00] [Thread 7724] extDB3: SQL: Error MariaDBQueryException: Input: INSERT INTO `xphonemessages` (sender, receiver, message) VALUES ('7011876617', '7225661798', '"NIE BO TE ZJEBY KLAPKI MUSIAŁY SIE TAK ZACHOWYAC ZE MUSIAŁEM ICH USPAKAJAC MOGŁEM I ODJEBAC NA SAMYM POCZONTKU SZCZEGULNIE PIOTREK "')
[18:19:20:361765 +02:00] [Thread 5324] extDB3: SQL: Error MariaDBQueryException: Unknown column 'playerid' in 'where clause'
[18:19:20:361811 +02:00] [Thread 5324] extDB3: SQL: Error MariaDBQueryException: Input: UPDATE players SET jail_time='5' WHERE playerid='76561198159358611'
[18:53:23:072669 +02:00] [Thread 7820] extDB3: SQL: Error MariaDBQueryException: Incorrect string value: '\xC5\xBCarty...' for column 'message' at row 1
[18:53:23:072730 +02:00] [Thread 7820] extDB3: SQL: Error MariaDBQueryException: Input: INSERT INTO `xphonemessages` (sender, receiver, message) VALUES ('7051253678', '7396165865', '"Nie no żarty takie xd"')
