
extDB3: https://bitbucket.org/torndeco/extdb3/wiki/Home
extDB3: Version: 1.031
extDB3: Windows Version
Message: All development for extDB3 is done on a Linux Dedicated Server
Message: If you would like to Donate to extDB3 Development
Message: https://www.paypal.com/cgi-bin/webscr?cmd=_s-xclick&hosted_button_id=2SUEFTGABTAM2
Message: Also leave a message if there is any particular feature you would like to see added.
Message: Thanks for all the people that have donated.
Message: Torndeco: 18/05/15


extDB3: Found extdb3-conf.ini
extDB3: Detected 8 Cores, Setting up 6 Worker Threads
extDB3: ...
extDB3: ...
extDB3: ...
extDB3: ...
extDB3: ...
extDB3: ...


[20:00:35:944617 +01:00] [Thread 6680] extDB3: SQL: Initialized: Add Quotes around TEXT Datatypes mode: 2
[20:00:35:944669 +01:00] [Thread 6680] extDB3: SQL: Initialized: NULL = ""
[20:00:35:944685 +01:00] [Thread 6680] extDB3: Locked
[20:01:59:137354 +01:00] [Thread 5576] extDB3: SQL: Error MariaDBQueryException: You have an error in your SQL syntax; check the manual that corresponds to your MariaDB server version for the right syntax to use near 'Майкл' WHERE wantedID='76561198069829578'' at line 1
[20:01:59:137376 +01:00] [Thread 5576] extDB3: SQL: Error MariaDBQueryException: Input: UPDATE wanted SET wantedName='Bratva | Lil'Майкл' WHERE wantedID='76561198069829578'
[21:10:35:499524 +01:00] [Thread 5576] extDB3: SQL: Error MariaDBQueryException: Unknown column 'playerid' in 'where clause'
[21:10:35:499579 +01:00] [Thread 5576] extDB3: SQL: Error MariaDBQueryException: Input: UPDATE players SET jail_time='25' WHERE playerid='76561198147826034'
[21:11:02:624388 +01:00] [Thread 6788] extDB3: SQL: Error MariaDBQueryException: Unknown column 'playerid' in 'where clause'
[21:11:02:624413 +01:00] [Thread 6788] extDB3: SQL: Error MariaDBQueryException: Input: UPDATE players SET jail_time='25' WHERE playerid='76561198126879285'
[21:26:02:464613 +01:00] [Thread 3516] extDB3: SQL: Error MariaDBQueryException: You have an error in your SQL syntax; check the manual that corresponds to your MariaDB server version for the right syntax to use near 'Майкл' WHERE wantedID='76561198069829578'' at line 1
[21:26:02:464642 +01:00] [Thread 3516] extDB3: SQL: Error MariaDBQueryException: Input: UPDATE wanted SET wantedName='Bratva | Lil'Майкл' WHERE wantedID='76561198069829578'
[23:43:59:869768 +01:00] [Thread 5576] extDB3: SQL: Error MariaDBQueryException: Unknown column 'playerid' in 'where clause'
[23:43:59:869815 +01:00] [Thread 5576] extDB3: SQL: Error MariaDBQueryException: Input: UPDATE players SET jail_time='13' WHERE playerid='76561198446983264'
[00:08:10:626256 +01:00] [Thread 5576] extDB3: SQL: Error MariaDBQueryException: Unknown column 'playerid' in 'where clause'
[00:08:10:626276 +01:00] [Thread 5576] extDB3: SQL: Error MariaDBQueryException: Input: UPDATE players SET jail_time='40' WHERE playerid='76561198228868640'
