
extDB3: https://bitbucket.org/torndeco/extdb3/wiki/Home
extDB3: Version: 1.031
extDB3: Windows Version
Message: All development for extDB3 is done on a Linux Dedicated Server
Message: If you would like to Donate to extDB3 Development
Message: https://www.paypal.com/cgi-bin/webscr?cmd=_s-xclick&hosted_button_id=2SUEFTGABTAM2
Message: Also leave a message if there is any particular feature you would like to see added.
Message: Thanks for all the people that have donated.
Message: Torndeco: 18/05/15


extDB3: Found extdb3-conf.ini
extDB3: Detected 8 Cores, Setting up 6 Worker Threads
extDB3: ...
extDB3: ...
extDB3: ...
extDB3: ...
extDB3: ...
extDB3: ...


[00:00:52:922261 +02:00] [Thread 17752] extDB3: SQL: Initialized: Add Quotes around TEXT Datatypes mode: 2
[00:00:52:922334 +02:00] [Thread 17752] extDB3: SQL: Initialized: NULL = ""
[00:00:52:922363 +02:00] [Thread 17752] extDB3: Locked
[00:22:19:562645 +02:00] [Thread 6620] extDB3: SQL: Error MariaDBQueryException: Unknown column 'playerid' in 'where clause'
[00:22:19:562688 +02:00] [Thread 6620] extDB3: SQL: Error MariaDBQueryException: Input: UPDATE players SET jail_time='15' WHERE playerid='76561198118479821'
[00:53:39:485403 +02:00] [Thread 13496] extDB3: SQL: Error MariaDBQueryException: Unknown column 'playerid' in 'where clause'
[00:53:39:485447 +02:00] [Thread 13496] extDB3: SQL: Error MariaDBQueryException: Input: UPDATE players SET jail_time='5' WHERE playerid='76561198127763093'
[01:33:58:129670 +02:00] [Thread 6620] extDB3: SQL: Error MariaDBQueryException: Unknown column 'playerid' in 'where clause'
[01:33:58:129711 +02:00] [Thread 6620] extDB3: SQL: Error MariaDBQueryException: Input: UPDATE players SET jail_time='7' WHERE playerid='76561198351059882'
