
extDB3: https://bitbucket.org/torndeco/extdb3/wiki/Home
extDB3: Version: 1.031
extDB3: Windows Version
Message: All development for extDB3 is done on a Linux Dedicated Server
Message: If you would like to Donate to extDB3 Development
Message: https://www.paypal.com/cgi-bin/webscr?cmd=_s-xclick&hosted_button_id=2SUEFTGABTAM2
Message: Also leave a message if there is any particular feature you would like to see added.
Message: Thanks for all the people that have donated.
Message: Torndeco: 18/05/15


extDB3: Found extdb3-conf.ini
extDB3: Detected 8 Cores, Setting up 6 Worker Threads
extDB3: ...
extDB3: ...
extDB3: ...
extDB3: ...
extDB3: ...
extDB3: ...


[14:09:58:245641 +01:00] [Thread 12476] extDB3: SQL: Initialized: Add Quotes around TEXT Datatypes mode: 2
[14:09:58:245808 +01:00] [Thread 12476] extDB3: SQL: Initialized: NULL = ""
[14:09:58:245881 +01:00] [Thread 12476] extDB3: Locked
[15:31:13:762495 +01:00] [Thread 10052] extDB3: SQL: Error MariaDBQueryException: Unknown column 'playerid' in 'where clause'
[15:31:13:762612 +01:00] [Thread 10052] extDB3: SQL: Error MariaDBQueryException: Input: SELECT jail_time FROM players WHERE playerid='76561198144033207'
[15:35:38:710474 +01:00] [Thread 12156] extDB3: SQL: Error MariaDBQueryException: Unknown column 'playerid' in 'where clause'
[15:35:38:710516 +01:00] [Thread 12156] extDB3: SQL: Error MariaDBQueryException: Input: SELECT jail_time FROM players WHERE playerid='76561198144033207'
