
extDB3: https://bitbucket.org/torndeco/extdb3/wiki/Home
extDB3: Version: 1.031
extDB3: Windows Version
Message: All development for extDB3 is done on a Linux Dedicated Server
Message: If you would like to Donate to extDB3 Development
Message: https://www.paypal.com/cgi-bin/webscr?cmd=_s-xclick&hosted_button_id=2SUEFTGABTAM2
Message: Also leave a message if there is any particular feature you would like to see added.
Message: Thanks for all the people that have donated.
Message: Torndeco: 18/05/15


extDB3: Found extdb3-conf.ini
extDB3: Detected 8 Cores, Setting up 6 Worker Threads
extDB3: ...
extDB3: ...
extDB3: ...
extDB3: ...
extDB3: ...
extDB3: ...


[20:22:37:589808 +02:00] [Thread 17912] extDB3: SQL: Initialized: Add Quotes around TEXT Datatypes mode: 2
[20:22:37:589871 +02:00] [Thread 17912] extDB3: SQL: Initialized: NULL = ""
[20:22:37:589895 +02:00] [Thread 17912] extDB3: Locked
[21:04:40:268427 +02:00] [Thread 12668] extDB3: SQL: Error MariaDBQueryException: Unknown column 'playerid' in 'where clause'
[21:04:40:268497 +02:00] [Thread 12668] extDB3: SQL: Error MariaDBQueryException: Input: UPDATE players SET jail_time='7' WHERE playerid='76561198057607826'
[23:03:33:245930 +02:00] [Thread 5332] extDB3: SQL: Error MariaDBQueryException: Unknown column 'playerid' in 'where clause'
[23:03:33:245973 +02:00] [Thread 5332] extDB3: SQL: Error MariaDBQueryException: Input: UPDATE players SET jail_time='25' WHERE playerid='76561198136500536'
[23:38:11:318509 +02:00] [Thread 22364] extDB3: SQL: Error MariaDBQueryException: Unknown column 'playerid' in 'where clause'
[23:38:11:318551 +02:00] [Thread 22364] extDB3: SQL: Error MariaDBQueryException: Input: UPDATE players SET jail_time='20' WHERE playerid='76561198100409540'
