
extDB3: https://bitbucket.org/torndeco/extdb3/wiki/Home
extDB3: Version: 1.031
extDB3: Windows Version
Message: All development for extDB3 is done on a Linux Dedicated Server
Message: If you would like to Donate to extDB3 Development
Message: https://www.paypal.com/cgi-bin/webscr?cmd=_s-xclick&hosted_button_id=2SUEFTGABTAM2
Message: Also leave a message if there is any particular feature you would like to see added.
Message: Thanks for all the people that have donated.
Message: Torndeco: 18/05/15


extDB3: Found extdb3-conf.ini
extDB3: Detected 8 Cores, Setting up 6 Worker Threads
extDB3: ...
extDB3: ...
extDB3: ...
extDB3: ...
extDB3: ...
extDB3: ...


[20:03:16:558237 +01:00] [Thread 17260] extDB3: SQL: Initialized: Add Quotes around TEXT Datatypes mode: 2
[20:03:16:558287 +01:00] [Thread 17260] extDB3: SQL: Initialized: NULL = ""
[20:03:16:558304 +01:00] [Thread 17260] extDB3: Locked
[21:59:13:401567 +01:00] [Thread 19428] extDB3: SQL: Error MariaDBQueryException: Unknown column 'playerid' in 'where clause'
[21:59:13:401616 +01:00] [Thread 19428] extDB3: SQL: Error MariaDBQueryException: Input: UPDATE players SET jail_time='30' WHERE playerid='76561198230665064'
[22:13:40:752898 +01:00] [Thread 18624] extDB3: SQL: Error MariaDBQueryException: Unknown column 'playerid' in 'where clause'
[22:13:40:752924 +01:00] [Thread 18624] extDB3: SQL: Error MariaDBQueryException: Input: UPDATE players SET jail_time='5' WHERE playerid='76561198218023819'
[22:13:47:014021 +01:00] [Thread 18624] extDB3: SQL: Error MariaDBQueryException: Unknown column 'playerid' in 'where clause'
[22:13:47:014041 +01:00] [Thread 18624] extDB3: SQL: Error MariaDBQueryException: Input: UPDATE players SET jail_time='5' WHERE playerid='76561198065123986'
[22:19:29:874517 +01:00] [Thread 18624] extDB3: SQL: Error MariaDBQueryException: Unknown column 'playerid' in 'where clause'
[22:19:29:874560 +01:00] [Thread 18624] extDB3: SQL: Error MariaDBQueryException: Input: UPDATE players SET jail_time='30' WHERE playerid='76561198211422629'
