
extDB3: https://bitbucket.org/torndeco/extdb3/wiki/Home
extDB3: Version: 1.031
extDB3: Windows Version
Message: All development for extDB3 is done on a Linux Dedicated Server
Message: If you would like to Donate to extDB3 Development
Message: https://www.paypal.com/cgi-bin/webscr?cmd=_s-xclick&hosted_button_id=2SUEFTGABTAM2
Message: Also leave a message if there is any particular feature you would like to see added.
Message: Thanks for all the people that have donated.
Message: Torndeco: 18/05/15


extDB3: Found extdb3-conf.ini
extDB3: Detected 8 Cores, Setting up 6 Worker Threads
extDB3: ...
extDB3: ...
extDB3: ...
extDB3: ...
extDB3: ...
extDB3: ...


[16:01:03:437285 +02:00] [Thread 5136] extDB3: SQL: Initialized: Add Quotes around TEXT Datatypes mode: 2
[16:01:03:437368 +02:00] [Thread 5136] extDB3: SQL: Initialized: NULL = ""
[16:01:03:437400 +02:00] [Thread 5136] extDB3: Locked
[16:56:55:438995 +02:00] [Thread 5968] extDB3: SQL: Error MariaDBQueryException: Unknown column 'playerid' in 'where clause'
[16:56:55:439060 +02:00] [Thread 5968] extDB3: SQL: Error MariaDBQueryException: Input: UPDATE players SET jail_time='15' WHERE playerid='76561198115121833'
[18:09:02:874496 +02:00] [Thread 4000] extDB3: SQL: Error MariaDBQueryException: Unknown column 'playerid' in 'where clause'
[18:09:02:922570 +02:00] [Thread 4000] extDB3: SQL: Error MariaDBQueryException: Input: UPDATE players SET jail_time='10' WHERE playerid='76561198246838946'
[18:09:17:602397 +02:00] [Thread 4000] extDB3: SQL: Error MariaDBQueryException: Unknown column 'playerid' in 'where clause'
[18:09:17:602429 +02:00] [Thread 4000] extDB3: SQL: Error MariaDBQueryException: Input: UPDATE players SET jail_time='7' WHERE playerid='76561198199409883'
[18:10:06:090808 +02:00] [Thread 4000] extDB3: SQL: Error MariaDBQueryException: Unknown column 'playerid' in 'where clause'
[18:10:06:090833 +02:00] [Thread 4000] extDB3: SQL: Error MariaDBQueryException: Input: UPDATE players SET jail_time='5' WHERE playerid='76561198197980275'
