
extDB3: https://bitbucket.org/torndeco/extdb3/wiki/Home
extDB3: Version: 1.031
extDB3: Windows Version
Message: All development for extDB3 is done on a Linux Dedicated Server
Message: If you would like to Donate to extDB3 Development
Message: https://www.paypal.com/cgi-bin/webscr?cmd=_s-xclick&hosted_button_id=2SUEFTGABTAM2
Message: Also leave a message if there is any particular feature you would like to see added.
Message: Thanks for all the people that have donated.
Message: Torndeco: 18/05/15


extDB3: Found extdb3-conf.ini
extDB3: Detected 8 Cores, Setting up 6 Worker Threads
extDB3: ...
extDB3: ...
extDB3: ...
extDB3: ...
extDB3: ...
extDB3: ...


[20:03:42:508644 +01:00] [Thread 7824] extDB3: SQL: Initialized: Add Quotes around TEXT Datatypes mode: 2
[20:03:42:508692 +01:00] [Thread 7824] extDB3: SQL: Initialized: NULL = ""
[20:03:42:508711 +01:00] [Thread 7824] extDB3: Locked
[20:54:27:681459 +01:00] [Thread 9056] extDB3: SQL: Error MariaDBQueryException: Unknown column 'playerid' in 'where clause'
[20:54:27:681508 +01:00] [Thread 9056] extDB3: SQL: Error MariaDBQueryException: Input: UPDATE players SET jail_time='40' WHERE playerid='76561198850097976'
[21:12:25:400653 +01:00] [Thread 9056] extDB3: SQL: Error MariaDBQueryException: Unknown column 'playerid' in 'where clause'
[21:12:25:400679 +01:00] [Thread 9056] extDB3: SQL: Error MariaDBQueryException: Input: UPDATE players SET jail_time='20' WHERE playerid='76561198139190588'
[21:12:30:112987 +01:00] [Thread 15740] extDB3: SQL: Error MariaDBQueryException: Unknown column 'playerid' in 'where clause'
[21:12:30:113003 +01:00] [Thread 15740] extDB3: SQL: Error MariaDBQueryException: Input: UPDATE players SET jail_time='20' WHERE playerid='76561198126879285'
