
extDB3: https://bitbucket.org/torndeco/extdb3/wiki/Home
extDB3: Version: 1.031
extDB3: Windows Version
Message: All development for extDB3 is done on a Linux Dedicated Server
Message: If you would like to Donate to extDB3 Development
Message: https://www.paypal.com/cgi-bin/webscr?cmd=_s-xclick&hosted_button_id=2SUEFTGABTAM2
Message: Also leave a message if there is any particular feature you would like to see added.
Message: Thanks for all the people that have donated.
Message: Torndeco: 18/05/15


extDB3: Found extdb3-conf.ini
extDB3: Detected 8 Cores, Setting up 6 Worker Threads
extDB3: ...
extDB3: ...
extDB3: ...
extDB3: ...
extDB3: ...
extDB3: ...


[16:01:48:536166 +02:00] [Thread 14060] extDB3: SQL: Initialized: Add Quotes around TEXT Datatypes mode: 2
[16:01:48:536219 +02:00] [Thread 14060] extDB3: SQL: Initialized: NULL = ""
[16:01:48:536234 +02:00] [Thread 14060] extDB3: Locked
[19:15:05:568160 +02:00] [Thread 13520] extDB3: SQL: Error MariaDBQueryException: Unknown column 'playerid' in 'where clause'
[19:15:05:568208 +02:00] [Thread 13520] extDB3: SQL: Error MariaDBQueryException: Input: UPDATE players SET jail_time='30' WHERE playerid='76561198798982480'
[19:44:39:712613 +02:00] [Thread 13464] extDB3: SQL: Error MariaDBQueryException: Unknown column 'playerid' in 'where clause'
[19:44:39:712654 +02:00] [Thread 13464] extDB3: SQL: Error MariaDBQueryException: Input: SELECT jail_time FROM players WHERE playerid='76561198798982480'
