
extDB3: https://bitbucket.org/torndeco/extdb3/wiki/Home
extDB3: Version: 1.031
extDB3: Windows Version
Message: All development for extDB3 is done on a Linux Dedicated Server
Message: If you would like to Donate to extDB3 Development
Message: https://www.paypal.com/cgi-bin/webscr?cmd=_s-xclick&hosted_button_id=2SUEFTGABTAM2
Message: Also leave a message if there is any particular feature you would like to see added.
Message: Thanks for all the people that have donated.
Message: Torndeco: 18/05/15


extDB3: Found extdb3-conf.ini
extDB3: Detected 8 Cores, Setting up 6 Worker Threads
extDB3: ...
extDB3: ...
extDB3: ...
extDB3: ...
extDB3: ...
extDB3: ...


[12:00:42:136432 +01:00] [Thread 2432] extDB3: SQL: Initialized: Add Quotes around TEXT Datatypes mode: 2
[12:00:42:136607 +01:00] [Thread 2432] extDB3: SQL: Initialized: NULL = ""
[12:00:42:136679 +01:00] [Thread 2432] extDB3: Locked
[14:52:57:389527 +01:00] [Thread 5760] extDB3: SQL: Error MariaDBQueryException: Unknown column 'playerid' in 'where clause'
[14:52:57:389603 +01:00] [Thread 5760] extDB3: SQL: Error MariaDBQueryException: Input: UPDATE players SET jail_time='15' WHERE playerid='76561198388936642'
[15:03:03:511365 +01:00] [Thread 4448] extDB3: SQL: Error MariaDBQueryException: Unknown column 'playerid' in 'where clause'
[15:03:03:511450 +01:00] [Thread 4448] extDB3: SQL: Error MariaDBQueryException: Input: UPDATE players SET jail_time='10' WHERE playerid='76561198245844818'
[15:46:17:756131 +01:00] [Thread 4448] extDB3: SQL: Error MariaDBQueryException: Unknown column 'playerid' in 'where clause'
[15:46:17:756278 +01:00] [Thread 4448] extDB3: SQL: Error MariaDBQueryException: Input: SELECT jail_time FROM players WHERE playerid='76561198245844818'
