
extDB3: https://bitbucket.org/torndeco/extdb3/wiki/Home
extDB3: Version: 1.031
extDB3: Windows Version
Message: All development for extDB3 is done on a Linux Dedicated Server
Message: If you would like to Donate to extDB3 Development
Message: https://www.paypal.com/cgi-bin/webscr?cmd=_s-xclick&hosted_button_id=2SUEFTGABTAM2
Message: Also leave a message if there is any particular feature you would like to see added.
Message: Thanks for all the people that have donated.
Message: Torndeco: 18/05/15


extDB3: Found extdb3-conf.ini
extDB3: Detected 8 Cores, Setting up 6 Worker Threads
extDB3: ...
extDB3: ...
extDB3: ...
extDB3: ...
extDB3: ...
extDB3: ...


[12:01:00:592696 +02:00] [Thread 6592] extDB3: SQL: Initialized: Add Quotes around TEXT Datatypes mode: 2
[12:01:00:592748 +02:00] [Thread 6592] extDB3: SQL: Initialized: NULL = ""
[12:01:00:592764 +02:00] [Thread 6592] extDB3: Locked
[12:34:06:138341 +02:00] [Thread 6760] extDB3: SQL: Error MariaDBQueryException: Incorrect string value: '\xC5\x82\xC4\x85 z...' for column 'message' at row 1
[12:34:06:138386 +02:00] [Thread 6760] extDB3: SQL: Error MariaDBQueryException: Input: INSERT INTO `xphonemessages` (sender, receiver, message) VALUES ('7661598897', '7396165865', '"dobrze  ryzykuje pałą z wf gracjac na medyuku"')
