
extDB3: https://bitbucket.org/torndeco/extdb3/wiki/Home
extDB3: Version: 1.031
extDB3: Windows Version
Message: All development for extDB3 is done on a Linux Dedicated Server
Message: If you would like to Donate to extDB3 Development
Message: https://www.paypal.com/cgi-bin/webscr?cmd=_s-xclick&hosted_button_id=2SUEFTGABTAM2
Message: Also leave a message if there is any particular feature you would like to see added.
Message: Thanks for all the people that have donated.
Message: Torndeco: 18/05/15


extDB3: Found extdb3-conf.ini
extDB3: Detected 8 Cores, Setting up 6 Worker Threads
extDB3: ...
extDB3: ...
extDB3: ...
extDB3: ...
extDB3: ...
extDB3: ...


[20:01:02:579899 +02:00] [Thread 7312] extDB3: SQL: Initialized: Add Quotes around TEXT Datatypes mode: 2
[20:01:02:579955 +02:00] [Thread 7312] extDB3: SQL: Initialized: NULL = ""
[20:01:02:579972 +02:00] [Thread 7312] extDB3: Locked
[20:29:52:624926 +02:00] [Thread 7652] extDB3: SQL: Error MariaDBQueryException: Incorrect string value: '\xC5\x82abia...' for column 'message' at row 1
[20:29:52:624986 +02:00] [Thread 7652] extDB3: SQL: Error MariaDBQueryException: Input: INSERT INTO `xphonemessages` (sender, receiver, message) VALUES ('7161748865', '7916527958', '"siema słabiaku"')
[21:01:32:111173 +02:00] [Thread 7456] extDB3: SQL: Error MariaDBQueryException: Incorrect string value: '\xC5\xBBAJ J...' for column 'message' at row 1
[21:01:32:111222 +02:00] [Thread 7456] extDB3: SQL: Error MariaDBQueryException: Input: INSERT INTO `xphonemessages` (sender, receiver, message) VALUES ('7636518171', '7036591885', '"TY KURWA UWAŻAJ JAK STRZELASZ GÓWNIARZU"')
