
extDB3: https://bitbucket.org/torndeco/extdb3/wiki/Home
extDB3: Version: 1.031
extDB3: Windows Version
Message: All development for extDB3 is done on a Linux Dedicated Server
Message: If you would like to Donate to extDB3 Development
Message: https://www.paypal.com/cgi-bin/webscr?cmd=_s-xclick&hosted_button_id=2SUEFTGABTAM2
Message: Also leave a message if there is any particular feature you would like to see added.
Message: Thanks for all the people that have donated.
Message: Torndeco: 18/05/15


extDB3: Found extdb3-conf.ini
extDB3: Detected 8 Cores, Setting up 6 Worker Threads
extDB3: ...
extDB3: ...
extDB3: ...
extDB3: ...
extDB3: ...
extDB3: ...


[16:17:43:414906 +02:00] [Thread 4040] extDB3: SQL: Initialized: Add Quotes around TEXT Datatypes mode: 2
[16:17:43:414956 +02:00] [Thread 4040] extDB3: SQL: Initialized: NULL = ""
[16:17:43:414972 +02:00] [Thread 4040] extDB3: Locked
[16:18:32:222857 +02:00] [Thread 18868] extDB3: SQL: Error MariaDBQueryException: Unknown column 'playerid' in 'where clause'
[16:18:32:222875 +02:00] [Thread 18868] extDB3: SQL: Error MariaDBQueryException: Input: SELECT jail_time FROM players WHERE playerid='76561198122171910'
[18:39:26:556469 +02:00] [Thread 11960] extDB3: SQL: Error MariaDBQueryException: Unknown column 'playerid' in 'where clause'
[18:39:26:556507 +02:00] [Thread 11960] extDB3: SQL: Error MariaDBQueryException: Input: UPDATE players SET jail_time='13' WHERE playerid='76561198130359436'
