
extDB3: https://bitbucket.org/torndeco/extdb3/wiki/Home
extDB3: Version: 1.031
extDB3: Windows Version
Message: All development for extDB3 is done on a Linux Dedicated Server
Message: If you would like to Donate to extDB3 Development
Message: https://www.paypal.com/cgi-bin/webscr?cmd=_s-xclick&hosted_button_id=2SUEFTGABTAM2
Message: Also leave a message if there is any particular feature you would like to see added.
Message: Thanks for all the people that have donated.
Message: Torndeco: 18/05/15


extDB3: Found extdb3-conf.ini
extDB3: Detected 8 Cores, Setting up 6 Worker Threads
extDB3: ...
extDB3: ...
extDB3: ...
extDB3: ...
extDB3: ...
extDB3: ...


[16:01:10:596591 +02:00] [Thread 3384] extDB3: SQL: Initialized: Add Quotes around TEXT Datatypes mode: 2
[16:01:10:596660 +02:00] [Thread 3384] extDB3: SQL: Initialized: NULL = ""
[16:01:10:596686 +02:00] [Thread 3384] extDB3: Locked
[17:10:53:303319 +02:00] [Thread 6080] extDB3: SQL: Error MariaDBQueryException: Unknown column 'playerid' in 'where clause'
[17:10:53:303381 +02:00] [Thread 6080] extDB3: SQL: Error MariaDBQueryException: Input: UPDATE players SET jail_time='7' WHERE playerid='76561198317675344'
[18:05:17:439129 +02:00] [Thread 9080] extDB3: SQL: Error MariaDBQueryException: Unknown column 'playerid' in 'where clause'
[18:05:17:439180 +02:00] [Thread 9080] extDB3: SQL: Error MariaDBQueryException: Input: UPDATE players SET jail_time='17' WHERE playerid='76561198219855771'
[18:23:35:455481 +02:00] [Thread 8524] extDB3: SQL: Error MariaDBQueryException: Unknown column 'playerid' in 'where clause'
[18:23:35:455507 +02:00] [Thread 8524] extDB3: SQL: Error MariaDBQueryException: Input: UPDATE players SET jail_time='10' WHERE playerid='76561198317675344'
[19:35:21:918499 +02:00] [Thread 8524] extDB3: SQL: Error MariaDBQueryException: Unknown column 'playerid' in 'where clause'
[19:35:21:918560 +02:00] [Thread 8524] extDB3: SQL: Error MariaDBQueryException: Input: UPDATE players SET jail_time='5' WHERE playerid='76561198317675344'
