
extDB3: https://bitbucket.org/torndeco/extdb3/wiki/Home
extDB3: Version: 1.031
extDB3: Windows Version
Message: All development for extDB3 is done on a Linux Dedicated Server
Message: If you would like to Donate to extDB3 Development
Message: https://www.paypal.com/cgi-bin/webscr?cmd=_s-xclick&hosted_button_id=2SUEFTGABTAM2
Message: Also leave a message if there is any particular feature you would like to see added.
Message: Thanks for all the people that have donated.
Message: Torndeco: 18/05/15


extDB3: Found extdb3-conf.ini
extDB3: Detected 8 Cores, Setting up 6 Worker Threads
extDB3: ...
extDB3: ...
extDB3: ...
extDB3: ...
extDB3: ...
extDB3: ...


[20:00:35:455376 +01:00] [Thread 5524] extDB3: SQL: Initialized: Add Quotes around TEXT Datatypes mode: 2
[20:00:35:455425 +01:00] [Thread 5524] extDB3: SQL: Initialized: NULL = ""
[20:00:35:455440 +01:00] [Thread 5524] extDB3: Locked
[20:35:12:330926 +01:00] [Thread 4460] extDB3: SQL: Error MariaDBQueryException: You have an error in your SQL syntax; check the manual that corresponds to your MariaDB server version for the right syntax to use near 'Майкл' WHERE wantedID='76561198069829578'' at line 1
[20:35:12:330972 +01:00] [Thread 4460] extDB3: SQL: Error MariaDBQueryException: Input: UPDATE wanted SET wantedName='Bratva | Lil'Майкл' WHERE wantedID='76561198069829578'
[21:27:11:310331 +01:00] [Thread 7000] extDB3: SQL: Error MariaDBQueryException: You have an error in your SQL syntax; check the manual that corresponds to your MariaDB server version for the right syntax to use near 'Майкл' WHERE wantedID='76561198069829578'' at line 1
[21:27:11:310404 +01:00] [Thread 7000] extDB3: SQL: Error MariaDBQueryException: Input: UPDATE wanted SET wantedName='Bratva | Lil'Майкл' WHERE wantedID='76561198069829578'
[22:04:08:162816 +01:00] [Thread 6824] extDB3: SQL: Error MariaDBQueryException: Unknown column 'playerid' in 'where clause'
[22:04:08:162863 +01:00] [Thread 6824] extDB3: SQL: Error MariaDBQueryException: Input: UPDATE players SET jail_time='15' WHERE playerid='76561198190769777'
