
extDB3: https://bitbucket.org/torndeco/extdb3/wiki/Home
extDB3: Version: 1.031
extDB3: Windows Version
Message: All development for extDB3 is done on a Linux Dedicated Server
Message: If you would like to Donate to extDB3 Development
Message: https://www.paypal.com/cgi-bin/webscr?cmd=_s-xclick&hosted_button_id=2SUEFTGABTAM2
Message: Also leave a message if there is any particular feature you would like to see added.
Message: Thanks for all the people that have donated.
Message: Torndeco: 18/05/15


extDB3: Found extdb3-conf.ini
extDB3: Detected 8 Cores, Setting up 6 Worker Threads
extDB3: ...
extDB3: ...
extDB3: ...
extDB3: ...
extDB3: ...
extDB3: ...


[12:03:36:949767 +02:00] [Thread 3880] extDB3: SQL: Initialized: Add Quotes around TEXT Datatypes mode: 2
[12:03:36:949829 +02:00] [Thread 3880] extDB3: SQL: Initialized: NULL = ""
[12:03:36:949854 +02:00] [Thread 3880] extDB3: Locked
[12:05:26:520610 +02:00] [Thread 7952] extDB3: SQL: Error MariaDBQueryException: Unknown column 'playerid' in 'where clause'
[12:05:26:520640 +02:00] [Thread 7952] extDB3: SQL: Error MariaDBQueryException: Input: SELECT jail_time FROM players WHERE playerid='76561198186551799'
[13:42:51:795973 +02:00] [Thread 2952] extDB3: SQL: Error MariaDBQueryException: Unknown column 'playerid' in 'where clause'
[13:42:51:796042 +02:00] [Thread 2952] extDB3: SQL: Error MariaDBQueryException: Input: UPDATE players SET jail_time='10' WHERE playerid='76561198399142058'
[14:33:34:340144 +02:00] [Thread 7952] extDB3: SQL: Error MariaDBQueryException: Unknown column 'playerid' in 'where clause'
[14:33:34:340205 +02:00] [Thread 7952] extDB3: SQL: Error MariaDBQueryException: Input: UPDATE players SET jail_time='30' WHERE playerid='76561198215409189'
[14:45:46:161585 +02:00] [Thread 7572] extDB3: SQL: Error MariaDBQueryException: Unknown column 'playerid' in 'where clause'
[14:45:46:161610 +02:00] [Thread 7572] extDB3: SQL: Error MariaDBQueryException: Input: SELECT jail_time FROM players WHERE playerid='76561198215409189'
[15:59:51:293543 +02:00] [Thread 2952] extDB3: SQL: Error MariaDBQueryException: Unknown column 'playerid' in 'where clause'
[15:59:51:293605 +02:00] [Thread 2952] extDB3: SQL: Error MariaDBQueryException: Input: SELECT jail_time FROM players WHERE playerid='76561198215409189'
