
extDB3: https://bitbucket.org/torndeco/extdb3/wiki/Home
extDB3: Version: 1.031
extDB3: Windows Version
Message: All development for extDB3 is done on a Linux Dedicated Server
Message: If you would like to Donate to extDB3 Development
Message: https://www.paypal.com/cgi-bin/webscr?cmd=_s-xclick&hosted_button_id=2SUEFTGABTAM2
Message: Also leave a message if there is any particular feature you would like to see added.
Message: Thanks for all the people that have donated.
Message: Torndeco: 18/05/15


extDB3: Found extdb3-conf.ini
extDB3: Detected 8 Cores, Setting up 6 Worker Threads
extDB3: ...
extDB3: ...
extDB3: ...
extDB3: ...
extDB3: ...
extDB3: ...


[16:09:53:438925 +02:00] [Thread 5296] extDB3: SQL: Initialized: Add Quotes around TEXT Datatypes mode: 2
[16:09:53:438987 +02:00] [Thread 5296] extDB3: SQL: Initialized: NULL = ""
[16:09:53:439011 +02:00] [Thread 5296] extDB3: Locked
[16:33:02:991224 +02:00] [Thread 7416] extDB3: SQL: Error MariaDBQueryException: You have an error in your SQL syntax; check the manual that corresponds to your MySQL server version for the right syntax to use near 'O Sraczko' WHERE wantedID='76561198139171015'' at line 1
[16:33:02:991295 +02:00] [Thread 7416] extDB3: SQL: Error MariaDBQueryException: Input: UPDATE wanted SET wantedName='GROM | Marian 'O Sraczko' WHERE wantedID='76561198139171015'
[17:01:04:630693 +02:00] [Thread 4776] extDB3: SQL: Error MariaDBQueryException: You have an error in your SQL syntax; check the manual that corresponds to your MySQL server version for the right syntax to use near 'O Sraczko' WHERE wantedID='76561198139171015'' at line 1
[17:01:04:630751 +02:00] [Thread 4776] extDB3: SQL: Error MariaDBQueryException: Input: UPDATE wanted SET wantedName='GROM | Marian 'O Sraczko' WHERE wantedID='76561198139171015'
[17:43:38:047263 +02:00] [Thread 4776] extDB3: SQL: Error MariaDBQueryException: You have an error in your SQL syntax; check the manual that corresponds to your MySQL server version for the right syntax to use near 'O Sraczko' WHERE wantedID='76561198139171015'' at line 1
[17:43:38:047331 +02:00] [Thread 4776] extDB3: SQL: Error MariaDBQueryException: Input: UPDATE wanted SET wantedName='GROM | Marian 'O Sraczko' WHERE wantedID='76561198139171015'
[19:05:30:732365 +02:00] [Thread 1048] extDB3: SQL: Error MariaDBQueryException: Unknown column 'playerid' in 'where clause'
[19:05:30:732432 +02:00] [Thread 1048] extDB3: SQL: Error MariaDBQueryException: Input: UPDATE players SET jail_time='10' WHERE playerid='76561198134146035'
