
extDB3: https://bitbucket.org/torndeco/extdb3/wiki/Home
extDB3: Version: 1.031
extDB3: Windows Version
Message: All development for extDB3 is done on a Linux Dedicated Server
Message: If you would like to Donate to extDB3 Development
Message: https://www.paypal.com/cgi-bin/webscr?cmd=_s-xclick&hosted_button_id=2SUEFTGABTAM2
Message: Also leave a message if there is any particular feature you would like to see added.
Message: Thanks for all the people that have donated.
Message: Torndeco: 18/05/15


extDB3: Found extdb3-conf.ini
extDB3: Detected 8 Cores, Setting up 6 Worker Threads
extDB3: ...
extDB3: ...
extDB3: ...
extDB3: ...
extDB3: ...
extDB3: ...


[17:02:12:711077 +01:00] [Thread 4772] extDB3: SQL: Initialized: Add Quotes around TEXT Datatypes mode: 2
[17:02:12:711154 +01:00] [Thread 4772] extDB3: SQL: Initialized: NULL = ""
[17:02:12:711187 +01:00] [Thread 4772] extDB3: Locked
[19:03:54:732443 +01:00] [Thread 5592] extDB3: SQL: Error MariaDBQueryException: Unknown column 'playerid' in 'where clause'
[19:03:54:732516 +01:00] [Thread 5592] extDB3: SQL: Error MariaDBQueryException: Input: UPDATE players SET jail_time='15' WHERE playerid='76561198159303409'
[20:19:02:517399 +01:00] [Thread 6356] extDB3: SQL: Error MariaDBQueryException: Unknown column 'playerid' in 'where clause'
[20:19:02:517474 +01:00] [Thread 6356] extDB3: SQL: Error MariaDBQueryException: Input: UPDATE players SET jail_time='20' WHERE playerid='76561198246117466'
