
extDB3: https://bitbucket.org/torndeco/extdb3/wiki/Home
extDB3: Version: 1.031
extDB3: Windows Version
Message: All development for extDB3 is done on a Linux Dedicated Server
Message: If you would like to Donate to extDB3 Development
Message: https://www.paypal.com/cgi-bin/webscr?cmd=_s-xclick&hosted_button_id=2SUEFTGABTAM2
Message: Also leave a message if there is any particular feature you would like to see added.
Message: Thanks for all the people that have donated.
Message: Torndeco: 18/05/15


extDB3: Found extdb3-conf.ini
extDB3: Detected 8 Cores, Setting up 6 Worker Threads
extDB3: ...
extDB3: ...
extDB3: ...
extDB3: ...
extDB3: ...
extDB3: ...


[22:03:35:637162 +02:00] [Thread 6324] extDB3: SQL: Initialized: Add Quotes around TEXT Datatypes mode: 2
[22:03:35:637239 +02:00] [Thread 6324] extDB3: SQL: Initialized: NULL = ""
[22:03:35:637273 +02:00] [Thread 6324] extDB3: Locked
[22:55:31:602149 +02:00] [Thread 5324] extDB3: SQL: Error MariaDBQueryException: Unknown column 'playerid' in 'where clause'
[22:55:31:602219 +02:00] [Thread 5324] extDB3: SQL: Error MariaDBQueryException: Input: UPDATE players SET jail_time='5' WHERE playerid='76561198157797444'
[01:32:04:472817 +02:00] [Thread 3912] extDB3: SQL: Error MariaDBQueryException: Unknown column 'playerid' in 'where clause'
[01:32:04:472883 +02:00] [Thread 3912] extDB3: SQL: Error MariaDBQueryException: Input: UPDATE players SET jail_time='20' WHERE playerid='76561198246117466'
[02:20:04:121980 +02:00] [Thread 5324] extDB3: SQL: Error MariaDBQueryException: Unknown column 'playerid' in 'where clause'
[02:20:04:122056 +02:00] [Thread 5324] extDB3: SQL: Error MariaDBQueryException: Input: UPDATE players SET jail_time='5' WHERE playerid='76561198098374565'
[02:30:12:766740 +02:00] [Thread 5324] extDB3: SQL: Error MariaDBQueryException: Unknown column 'playerid' in 'where clause'
[02:30:12:766770 +02:00] [Thread 5324] extDB3: SQL: Error MariaDBQueryException: Input: UPDATE players SET jail_time='15' WHERE playerid='76561198098374565'
[02:32:34:982247 +02:00] [Thread 4928] extDB3: SQL: Error MariaDBQueryException: Unknown column 'playerid' in 'where clause'
[02:32:34:982276 +02:00] [Thread 4928] extDB3: SQL: Error MariaDBQueryException: Input: SELECT jail_time FROM players WHERE playerid='76561198098374565'
