
extDB3: https://bitbucket.org/torndeco/extdb3/wiki/Home
extDB3: Version: 1.031
extDB3: Windows Version
Message: All development for extDB3 is done on a Linux Dedicated Server
Message: If you would like to Donate to extDB3 Development
Message: https://www.paypal.com/cgi-bin/webscr?cmd=_s-xclick&hosted_button_id=2SUEFTGABTAM2
Message: Also leave a message if there is any particular feature you would like to see added.
Message: Thanks for all the people that have donated.
Message: Torndeco: 18/05/15


extDB3: Found extdb3-conf.ini
extDB3: Detected 8 Cores, Setting up 6 Worker Threads
extDB3: ...
extDB3: ...
extDB3: ...
extDB3: ...
extDB3: ...
extDB3: ...


[00:01:02:478358 +02:00] [Thread 32156] extDB3: SQL: Initialized: Add Quotes around TEXT Datatypes mode: 2
[00:01:02:478422 +02:00] [Thread 32156] extDB3: SQL: Initialized: NULL = ""
[00:01:02:478445 +02:00] [Thread 32156] extDB3: Locked
[02:26:41:656868 +02:00] [Thread 31692] extDB3: SQL: Error MariaDBConnectorException: Can't connect to MySQL server on '127.0.0.1' (0)
[02:26:41:656909 +02:00] [Thread 31692] extDB3: SQL: Error MariaDBConnectorException: Input: UPDATE players SET exp_perkPoints = '3' WHERE pid = '76561197989167731'
[02:29:03:584717 +02:00] [Thread 32564] extDB3: SQL: Error MariaDBConnectorException: Can't connect to MySQL server on '127.0.0.1' (0)
[02:29:03:584747 +02:00] [Thread 32564] extDB3: SQL: Error MariaDBConnectorException: Input: UPDATE players SET exp_perkPoints = '3' WHERE pid = '76561197989167731'
