
extDB3: https://bitbucket.org/torndeco/extdb3/wiki/Home
extDB3: Version: 1.031
extDB3: Windows Version
Message: All development for extDB3 is done on a Linux Dedicated Server
Message: If you would like to Donate to extDB3 Development
Message: https://www.paypal.com/cgi-bin/webscr?cmd=_s-xclick&hosted_button_id=2SUEFTGABTAM2
Message: Also leave a message if there is any particular feature you would like to see added.
Message: Thanks for all the people that have donated.
Message: Torndeco: 18/05/15


extDB3: Found extdb3-conf.ini
extDB3: Detected 8 Cores, Setting up 6 Worker Threads
extDB3: ...
extDB3: ...
extDB3: ...
extDB3: ...
extDB3: ...
extDB3: ...


[20:14:30:390329 +02:00] [Thread 6352] extDB3: SQL: Initialized: Add Quotes around TEXT Datatypes mode: 2
[20:14:30:390394 +02:00] [Thread 6352] extDB3: SQL: Initialized: NULL = ""
[20:14:32:925640 +02:00] [Thread 6352] extDB3: Locked
[20:42:53:571634 +02:00] [Thread 2560] extDB3: SQL: Error MariaDBQueryException: Incorrect string value: '\xC4\x99 czy...' for column 'message' at row 1
[20:42:53:571682 +02:00] [Thread 2560] extDB3: SQL: Error MariaDBQueryException: Input: INSERT INTO `xphonemessages` (sender, receiver, message) VALUES ('7755565181', '7661295857', '"Witaj ale nie znam Cię czy możesz się przedstawić? Mama zawsze mnie uczyła aby nie kontaktować się z nieznajomymi! "')
[20:44:35:601471 +02:00] [Thread 2560] extDB3: SQL: Error MariaDBQueryException: Incorrect string value: '\xC4\x99! "' for column 'message' at row 1
[20:44:35:601493 +02:00] [Thread 2560] extDB3: SQL: Error MariaDBQueryException: Input: INSERT INTO `xphonemessages` (sender, receiver, message) VALUES ('7755565181', '7661295857', '"Witam  Cię! "')
[20:53:04:382060 +02:00] [Thread 2560] extDB3: SQL: Error MariaDBQueryException: Incorrect string value: '\xC4\x98T\xC4\x84 ...' for column 'message' at row 1
[20:53:04:382081 +02:00] [Thread 2560] extDB3: SQL: Error MariaDBQueryException: Input: INSERT INTO `xphonemessages` (sender, receiver, message) VALUES ('7636518171', '7036591885', '"CHAMUJ GADKE PIĘTĄ MORDO"')
[20:53:24:222561 +02:00] [Thread 2560] extDB3: SQL: Error MariaDBQueryException: Incorrect string value: '\xC4\x84 STO...' for column 'message' at row 1
[20:53:24:222583 +02:00] [Thread 2560] extDB3: SQL: Error MariaDBQueryException: Input: INSERT INTO `xphonemessages` (sender, receiver, message) VALUES ('7636518171', '7036591885', '"SIEMA ENIU ZWAL MI KONIA  KURZĄ STOPĄ"')
[20:57:42:515118 +02:00] [Thread 6884] extDB3: SQL: Error MariaDBQueryException: Incorrect string value: '\xC4\x84 STA...' for column 'message' at row 1
[20:57:42:515157 +02:00] [Thread 6884] extDB3: SQL: Error MariaDBQueryException: Input: INSERT INTO `xphonemessages` (sender, receiver, message) VALUES ('7636518171', '7036591885', '"TWOJĄ STARĄ"')
