
extDB3: https://bitbucket.org/torndeco/extdb3/wiki/Home
extDB3: Version: 1.031
extDB3: Windows Version
Message: All development for extDB3 is done on a Linux Dedicated Server
Message: If you would like to Donate to extDB3 Development
Message: https://www.paypal.com/cgi-bin/webscr?cmd=_s-xclick&hosted_button_id=2SUEFTGABTAM2
Message: Also leave a message if there is any particular feature you would like to see added.
Message: Thanks for all the people that have donated.
Message: Torndeco: 18/05/15


extDB3: Found extdb3-conf.ini
extDB3: Detected 8 Cores, Setting up 6 Worker Threads
extDB3: ...
extDB3: ...
extDB3: ...
extDB3: ...
extDB3: ...
extDB3: ...


[08:00:56:858611 +02:00] [Thread 13712] extDB3: MariaDBConnectorException: altislife: Can't connect to MySQL server on '127.0.0.1' (0)
[08:20:27:116535 +02:00] [Thread 13712] extDB3: Error Unknown Protocol: 1472  Input String: 2:1472:SELECT exp_level, exp_total, exp_perkPoints, exp_perks FROM players WHERE pid = '76561198186551799'
[08:20:27:907623 +02:00] [Thread 13712] extDB3: Error Unknown Protocol: 1472  Input String: 2:1472:SELECT exp_level, exp_total, exp_perkPoints, exp_perks FROM players WHERE pid = '76561198186551799'
[08:20:34:196100 +02:00] [Thread 13712] extDB3: Error Unknown Protocol: 1472  Input String: 2:1472:SELECT exp_level, exp_total, exp_perkPoints, exp_perks FROM players WHERE pid = '76561198186551799'
[08:20:39:152398 +02:00] [Thread 13712] extDB3: Error Unknown Protocol: 1472  Input String: 2:1472:SELECT exp_level, exp_total, exp_perkPoints, exp_perks FROM players WHERE pid = '76561198186551799'
[08:20:44:305064 +02:00] [Thread 13712] extDB3: Error Unknown Protocol: 1472  Input String: 2:1472:SELECT exp_level, exp_total, exp_perkPoints, exp_perks FROM players WHERE pid = '76561198186551799'
[08:20:49:256311 +02:00] [Thread 13712] extDB3: Error Unknown Protocol: 1472  Input String: 2:1472:SELECT exp_level, exp_total, exp_perkPoints, exp_perks FROM players WHERE pid = '76561198186551799'
[08:20:54:201439 +02:00] [Thread 13712] extDB3: Error Unknown Protocol: 1472  Input String: 2:1472:SELECT exp_level, exp_total, exp_perkPoints, exp_perks FROM players WHERE pid = '76561198186551799'
[08:20:59:141583 +02:00] [Thread 13712] extDB3: Error Unknown Protocol: 1472  Input String: 2:1472:SELECT exp_level, exp_total, exp_perkPoints, exp_perks FROM players WHERE pid = '76561198186551799'
[08:21:04:095772 +02:00] [Thread 13712] extDB3: Error Unknown Protocol: 1472  Input String: 2:1472:SELECT exp_level, exp_total, exp_perkPoints, exp_perks FROM players WHERE pid = '76561198186551799'
[08:21:09:042934 +02:00] [Thread 13712] extDB3: Error Unknown Protocol: 1472  Input String: 2:1472:SELECT exp_level, exp_total, exp_perkPoints, exp_perks FROM players WHERE pid = '76561198186551799'
[08:21:13:957038 +02:00] [Thread 13712] extDB3: Error Unknown Protocol: 1472  Input String: 2:1472:SELECT exp_level, exp_total, exp_perkPoints, exp_perks FROM players WHERE pid = '76561198186551799'
[08:21:18:904188 +02:00] [Thread 13712] extDB3: Error Unknown Protocol: 1472  Input String: 2:1472:SELECT exp_level, exp_total, exp_perkPoints, exp_perks FROM players WHERE pid = '76561198186551799'
[08:21:23:824827 +02:00] [Thread 13712] extDB3: Error Unknown Protocol: 1472  Input String: 2:1472:SELECT exp_level, exp_total, exp_perkPoints, exp_perks FROM players WHERE pid = '76561198186551799'
[08:21:28:764972 +02:00] [Thread 13712] extDB3: Error Unknown Protocol: 1472  Input String: 2:1472:SELECT exp_level, exp_total, exp_perkPoints, exp_perks FROM players WHERE pid = '76561198186551799'
[08:21:33:703137 +02:00] [Thread 13712] extDB3: Error Unknown Protocol: 1472  Input String: 2:1472:SELECT exp_level, exp_total, exp_perkPoints, exp_perks FROM players WHERE pid = '76561198186551799'
[08:21:38:628232 +02:00] [Thread 13712] extDB3: Error Unknown Protocol: 1472  Input String: 2:1472:SELECT exp_level, exp_total, exp_perkPoints, exp_perks FROM players WHERE pid = '76561198186551799'
[08:21:43:567385 +02:00] [Thread 13712] extDB3: Error Unknown Protocol: 1472  Input String: 2:1472:SELECT exp_level, exp_total, exp_perkPoints, exp_perks FROM players WHERE pid = '76561198186551799'
[08:21:48:533589 +02:00] [Thread 13712] extDB3: Error Unknown Protocol: 1472  Input String: 2:1472:SELECT exp_level, exp_total, exp_perkPoints, exp_perks FROM players WHERE pid = '76561198186551799'
[08:21:53:459707 +02:00] [Thread 13712] extDB3: Error Unknown Protocol: 1472  Input String: 2:1472:SELECT exp_level, exp_total, exp_perkPoints, exp_perks FROM players WHERE pid = '76561198186551799'
[08:21:58:418929 +02:00] [Thread 13712] extDB3: Error Unknown Protocol: 1472  Input String: 2:1472:SELECT exp_level, exp_total, exp_perkPoints, exp_perks FROM players WHERE pid = '76561198186551799'
[08:22:03:341996 +02:00] [Thread 13712] extDB3: Error Unknown Protocol: 1472  Input String: 2:1472:SELECT exp_level, exp_total, exp_perkPoints, exp_perks FROM players WHERE pid = '76561198186551799'
[08:22:08:278153 +02:00] [Thread 13712] extDB3: Error Unknown Protocol: 1472  Input String: 2:1472:SELECT exp_level, exp_total, exp_perkPoints, exp_perks FROM players WHERE pid = '76561198186551799'
[08:22:13:199100 +02:00] [Thread 13712] extDB3: Error Unknown Protocol: 1472  Input String: 2:1472:SELECT exp_level, exp_total, exp_perkPoints, exp_perks FROM players WHERE pid = '76561198186551799'
[08:22:18:145227 +02:00] [Thread 13712] extDB3: Error Unknown Protocol: 1472  Input String: 2:1472:SELECT exp_level, exp_total, exp_perkPoints, exp_perks FROM players WHERE pid = '76561198186551799'
[08:22:23:070318 +02:00] [Thread 13712] extDB3: Error Unknown Protocol: 1472  Input String: 2:1472:SELECT exp_level, exp_total, exp_perkPoints, exp_perks FROM players WHERE pid = '76561198186551799'
[08:22:28:002457 +02:00] [Thread 13712] extDB3: Error Unknown Protocol: 1472  Input String: 2:1472:SELECT exp_level, exp_total, exp_perkPoints, exp_perks FROM players WHERE pid = '76561198186551799'
[08:22:32:937609 +02:00] [Thread 13712] extDB3: Error Unknown Protocol: 1472  Input String: 2:1472:SELECT exp_level, exp_total, exp_perkPoints, exp_perks FROM players WHERE pid = '76561198186551799'
[08:22:37:881825 +02:00] [Thread 13712] extDB3: Error Unknown Protocol: 1472  Input String: 2:1472:SELECT exp_level, exp_total, exp_perkPoints, exp_perks FROM players WHERE pid = '76561198186551799'
[08:22:42:825007 +02:00] [Thread 13712] extDB3: Error Unknown Protocol: 1472  Input String: 2:1472:SELECT exp_level, exp_total, exp_perkPoints, exp_perks FROM players WHERE pid = '76561198186551799'
[08:22:47:757172 +02:00] [Thread 13712] extDB3: Error Unknown Protocol: 1472  Input String: 2:1472:SELECT exp_level, exp_total, exp_perkPoints, exp_perks FROM players WHERE pid = '76561198186551799'
[08:22:52:697331 +02:00] [Thread 13712] extDB3: Error Unknown Protocol: 1472  Input String: 2:1472:SELECT exp_level, exp_total, exp_perkPoints, exp_perks FROM players WHERE pid = '76561198186551799'
[08:22:57:625452 +02:00] [Thread 13712] extDB3: Error Unknown Protocol: 1472  Input String: 2:1472:SELECT exp_level, exp_total, exp_perkPoints, exp_perks FROM players WHERE pid = '76561198186551799'
[08:23:02:651671 +02:00] [Thread 13712] extDB3: Error Unknown Protocol: 1472  Input String: 2:1472:SELECT exp_level, exp_total, exp_perkPoints, exp_perks FROM players WHERE pid = '76561198186551799'
[08:23:07:481472 +02:00] [Thread 13712] extDB3: Error Unknown Protocol: 1472  Input String: 2:1472:SELECT exp_level, exp_total, exp_perkPoints, exp_perks FROM players WHERE pid = '76561198186551799'
[08:23:12:418633 +02:00] [Thread 13712] extDB3: Error Unknown Protocol: 1472  Input String: 2:1472:SELECT exp_level, exp_total, exp_perkPoints, exp_perks FROM players WHERE pid = '76561198186551799'
[08:23:17:344721 +02:00] [Thread 13712] extDB3: Error Unknown Protocol: 1472  Input String: 2:1472:SELECT exp_level, exp_total, exp_perkPoints, exp_perks FROM players WHERE pid = '76561198186551799'
[08:23:22:289210 +02:00] [Thread 13712] extDB3: Error Unknown Protocol: 1472  Input String: 2:1472:SELECT exp_level, exp_total, exp_perkPoints, exp_perks FROM players WHERE pid = '76561198186551799'
[08:23:27:221254 +02:00] [Thread 13712] extDB3: Error Unknown Protocol: 1472  Input String: 2:1472:SELECT exp_level, exp_total, exp_perkPoints, exp_perks FROM players WHERE pid = '76561198186551799'
[08:23:32:152497 +02:00] [Thread 13712] extDB3: Error Unknown Protocol: 1472  Input String: 2:1472:SELECT exp_level, exp_total, exp_perkPoints, exp_perks FROM players WHERE pid = '76561198186551799'
[08:23:37:081555 +02:00] [Thread 13712] extDB3: Error Unknown Protocol: 1472  Input String: 2:1472:SELECT exp_level, exp_total, exp_perkPoints, exp_perks FROM players WHERE pid = '76561198186551799'
[08:23:42:019697 +02:00] [Thread 13712] extDB3: Error Unknown Protocol: 1472  Input String: 2:1472:SELECT exp_level, exp_total, exp_perkPoints, exp_perks FROM players WHERE pid = '76561198186551799'
[08:23:46:969843 +02:00] [Thread 13712] extDB3: Error Unknown Protocol: 1472  Input String: 2:1472:SELECT exp_level, exp_total, exp_perkPoints, exp_perks FROM players WHERE pid = '76561198186551799'
[08:23:51:894951 +02:00] [Thread 13712] extDB3: Error Unknown Protocol: 1472  Input String: 2:1472:SELECT exp_level, exp_total, exp_perkPoints, exp_perks FROM players WHERE pid = '76561198186551799'
[08:23:56:828124 +02:00] [Thread 13712] extDB3: Error Unknown Protocol: 1472  Input String: 2:1472:SELECT exp_level, exp_total, exp_perkPoints, exp_perks FROM players WHERE pid = '76561198186551799'
[08:24:01:768271 +02:00] [Thread 13712] extDB3: Error Unknown Protocol: 1472  Input String: 2:1472:SELECT exp_level, exp_total, exp_perkPoints, exp_perks FROM players WHERE pid = '76561198186551799'
[08:24:06:703442 +02:00] [Thread 13712] extDB3: Error Unknown Protocol: 1472  Input String: 2:1472:SELECT exp_level, exp_total, exp_perkPoints, exp_perks FROM players WHERE pid = '76561198186551799'
[08:24:11:643563 +02:00] [Thread 13712] extDB3: Error Unknown Protocol: 1472  Input String: 2:1472:SELECT exp_level, exp_total, exp_perkPoints, exp_perks FROM players WHERE pid = '76561198186551799'
[08:24:16:579710 +02:00] [Thread 13712] extDB3: Error Unknown Protocol: 1472  Input String: 2:1472:SELECT exp_level, exp_total, exp_perkPoints, exp_perks FROM players WHERE pid = '76561198186551799'
[08:24:21:512826 +02:00] [Thread 13712] extDB3: Error Unknown Protocol: 1472  Input String: 2:1472:SELECT exp_level, exp_total, exp_perkPoints, exp_perks FROM players WHERE pid = '76561198186551799'
[08:24:26:448967 +02:00] [Thread 13712] extDB3: Error Unknown Protocol: 1472  Input String: 2:1472:SELECT exp_level, exp_total, exp_perkPoints, exp_perks FROM players WHERE pid = '76561198186551799'
[08:24:31:979738 +02:00] [Thread 13712] extDB3: Error Unknown Protocol: 1472  Input String: 2:1472:SELECT exp_level, exp_total, exp_perkPoints, exp_perks FROM players WHERE pid = '76561198186551799'
[09:13:39:481988 +02:00] [Thread 13712] extDB3: Error Unknown Protocol: 1472  Input String: 2:1472:SELECT exp_level, exp_total, exp_perkPoints, exp_perks FROM players WHERE pid = '76561198203094842'
[09:13:40:746303 +02:00] [Thread 13712] extDB3: Error Unknown Protocol: 1472  Input String: 2:1472:SELECT exp_level, exp_total, exp_perkPoints, exp_perks FROM players WHERE pid = '76561198203094842'
[09:13:46:682062 +02:00] [Thread 13712] extDB3: Error Unknown Protocol: 1472  Input String: 2:1472:SELECT exp_level, exp_total, exp_perkPoints, exp_perks FROM players WHERE pid = '76561198203094842'
[09:13:51:661672 +02:00] [Thread 13712] extDB3: Error Unknown Protocol: 1472  Input String: 2:1472:SELECT exp_level, exp_total, exp_perkPoints, exp_perks FROM players WHERE pid = '76561198203094842'
[09:13:56:624897 +02:00] [Thread 13712] extDB3: Error Unknown Protocol: 1472  Input String: 2:1472:SELECT exp_level, exp_total, exp_perkPoints, exp_perks FROM players WHERE pid = '76561198203094842'
[09:14:01:610600 +02:00] [Thread 13712] extDB3: Error Unknown Protocol: 1472  Input String: 2:1472:SELECT exp_level, exp_total, exp_perkPoints, exp_perks FROM players WHERE pid = '76561198203094842'
[09:14:06:565744 +02:00] [Thread 13712] extDB3: Error Unknown Protocol: 1472  Input String: 2:1472:SELECT exp_level, exp_total, exp_perkPoints, exp_perks FROM players WHERE pid = '76561198203094842'
[09:14:11:594432 +02:00] [Thread 13712] extDB3: Error Unknown Protocol: 1472  Input String: 2:1472:SELECT exp_level, exp_total, exp_perkPoints, exp_perks FROM players WHERE pid = '76561198203094842'
[09:14:16:538232 +02:00] [Thread 13712] extDB3: Error Unknown Protocol: 1472  Input String: 2:1472:SELECT exp_level, exp_total, exp_perkPoints, exp_perks FROM players WHERE pid = '76561198203094842'
[09:14:21:452722 +02:00] [Thread 13712] extDB3: Error Unknown Protocol: 1472  Input String: 2:1472:SELECT exp_level, exp_total, exp_perkPoints, exp_perks FROM players WHERE pid = '76561198203094842'
[09:14:26:406879 +02:00] [Thread 13712] extDB3: Error Unknown Protocol: 1472  Input String: 2:1472:SELECT exp_level, exp_total, exp_perkPoints, exp_perks FROM players WHERE pid = '76561198203094842'
[09:14:31:326954 +02:00] [Thread 13712] extDB3: Error Unknown Protocol: 1472  Input String: 2:1472:SELECT exp_level, exp_total, exp_perkPoints, exp_perks FROM players WHERE pid = '76561198203094842'
[09:14:36:289165 +02:00] [Thread 13712] extDB3: Error Unknown Protocol: 1472  Input String: 2:1472:SELECT exp_level, exp_total, exp_perkPoints, exp_perks FROM players WHERE pid = '76561198203094842'
[09:14:41:285496 +02:00] [Thread 13712] extDB3: Error Unknown Protocol: 1472  Input String: 2:1472:SELECT exp_level, exp_total, exp_perkPoints, exp_perks FROM players WHERE pid = '76561198203094842'
[09:14:46:292745 +02:00] [Thread 13712] extDB3: Error Unknown Protocol: 1472  Input String: 2:1472:SELECT exp_level, exp_total, exp_perkPoints, exp_perks FROM players WHERE pid = '76561198203094842'
[09:14:51:463084 +02:00] [Thread 13712] extDB3: Error Unknown Protocol: 1472  Input String: 2:1472:SELECT exp_level, exp_total, exp_perkPoints, exp_perks FROM players WHERE pid = '76561198203094842'
[09:14:56:485039 +02:00] [Thread 13712] extDB3: Error Unknown Protocol: 1472  Input String: 2:1472:SELECT exp_level, exp_total, exp_perkPoints, exp_perks FROM players WHERE pid = '76561198203094842'
[09:15:01:571617 +02:00] [Thread 13712] extDB3: Error Unknown Protocol: 1472  Input String: 2:1472:SELECT exp_level, exp_total, exp_perkPoints, exp_perks FROM players WHERE pid = '76561198203094842'
[09:15:06:587982 +02:00] [Thread 13712] extDB3: Error Unknown Protocol: 1472  Input String: 2:1472:SELECT exp_level, exp_total, exp_perkPoints, exp_perks FROM players WHERE pid = '76561198203094842'
[09:15:11:665377 +02:00] [Thread 13712] extDB3: Error Unknown Protocol: 1472  Input String: 2:1472:SELECT exp_level, exp_total, exp_perkPoints, exp_perks FROM players WHERE pid = '76561198203094842'
[09:15:16:684748 +02:00] [Thread 13712] extDB3: Error Unknown Protocol: 1472  Input String: 2:1472:SELECT exp_level, exp_total, exp_perkPoints, exp_perks FROM players WHERE pid = '76561198203094842'
[09:15:21:774903 +02:00] [Thread 13712] extDB3: Error Unknown Protocol: 1472  Input String: 2:1472:SELECT exp_level, exp_total, exp_perkPoints, exp_perks FROM players WHERE pid = '76561198203094842'
[09:15:26:848377 +02:00] [Thread 13712] extDB3: Error Unknown Protocol: 1472  Input String: 2:1472:SELECT exp_level, exp_total, exp_perkPoints, exp_perks FROM players WHERE pid = '76561198203094842'
[09:15:31:862695 +02:00] [Thread 13712] extDB3: Error Unknown Protocol: 1472  Input String: 2:1472:SELECT exp_level, exp_total, exp_perkPoints, exp_perks FROM players WHERE pid = '76561198203094842'
[09:15:36:872104 +02:00] [Thread 13712] extDB3: Error Unknown Protocol: 1472  Input String: 2:1472:SELECT exp_level, exp_total, exp_perkPoints, exp_perks FROM players WHERE pid = '76561198203094842'
[09:15:41:945562 +02:00] [Thread 13712] extDB3: Error Unknown Protocol: 1472  Input String: 2:1472:SELECT exp_level, exp_total, exp_perkPoints, exp_perks FROM players WHERE pid = '76561198203094842'
[09:15:47:024085 +02:00] [Thread 13712] extDB3: Error Unknown Protocol: 1472  Input String: 2:1472:SELECT exp_level, exp_total, exp_perkPoints, exp_perks FROM players WHERE pid = '76561198203094842'
[09:15:52:043443 +02:00] [Thread 13712] extDB3: Error Unknown Protocol: 1472  Input String: 2:1472:SELECT exp_level, exp_total, exp_perkPoints, exp_perks FROM players WHERE pid = '76561198203094842'
[09:18:43:214434 +02:00] [Thread 13712] extDB3: Error Unknown Protocol: 1472  Input String: 2:1472:SELECT exp_level, exp_total, exp_perkPoints, exp_perks FROM players WHERE pid = '76561197989167731'
[09:18:45:514544 +02:00] [Thread 13712] extDB3: Error Unknown Protocol: 1472  Input String: 2:1472:SELECT exp_level, exp_total, exp_perkPoints, exp_perks FROM players WHERE pid = '76561197989167731'
[09:18:56:748413 +02:00] [Thread 13712] extDB3: Error Unknown Protocol: 1472  Input String: 2:1472:SELECT exp_level, exp_total, exp_perkPoints, exp_perks FROM players WHERE pid = '76561197989167731'
[09:19:01:726700 +02:00] [Thread 13712] extDB3: Error Unknown Protocol: 1472  Input String: 2:1472:SELECT exp_level, exp_total, exp_perkPoints, exp_perks FROM players WHERE pid = '76561197989167731'
[09:19:06:735030 +02:00] [Thread 13712] extDB3: Error Unknown Protocol: 1472  Input String: 2:1472:SELECT exp_level, exp_total, exp_perkPoints, exp_perks FROM players WHERE pid = '76561197989167731'
[09:19:11:777407 +02:00] [Thread 13712] extDB3: Error Unknown Protocol: 1472  Input String: 2:1472:SELECT exp_level, exp_total, exp_perkPoints, exp_perks FROM players WHERE pid = '76561197989167731'
[09:19:17:544733 +02:00] [Thread 13712] extDB3: Error Unknown Protocol: 1472  Input String: 2:1472:SELECT exp_level, exp_total, exp_perkPoints, exp_perks FROM players WHERE pid = '76561197989167731'
[09:19:23:479190 +02:00] [Thread 13712] extDB3: Error Unknown Protocol: 1472  Input String: 2:1472:SELECT exp_level, exp_total, exp_perkPoints, exp_perks FROM players WHERE pid = '76561197989167731'
[09:19:28:651357 +02:00] [Thread 13712] extDB3: Error Unknown Protocol: 1472  Input String: 2:1472:SELECT exp_level, exp_total, exp_perkPoints, exp_perks FROM players WHERE pid = '76561197989167731'
[09:19:33:571611 +02:00] [Thread 13712] extDB3: Error Unknown Protocol: 1472  Input String: 2:1472:SELECT exp_level, exp_total, exp_perkPoints, exp_perks FROM players WHERE pid = '76561197989167731'
[09:19:38:732379 +02:00] [Thread 13712] extDB3: Error Unknown Protocol: 1472  Input String: 2:1472:SELECT exp_level, exp_total, exp_perkPoints, exp_perks FROM players WHERE pid = '76561197989167731'
[09:19:51:066222 +02:00] [Thread 13712] extDB3: Error Unknown Protocol: 1472  Input String: 2:1472:SELECT exp_level, exp_total, exp_perkPoints, exp_perks FROM players WHERE pid = '76561197989167731'
[09:19:51:464287 +02:00] [Thread 13712] extDB3: Error Unknown Protocol: 1472  Input String: 2:1472:SELECT exp_level, exp_total, exp_perkPoints, exp_perks FROM players WHERE pid = '76561197989167731'
[09:19:57:619700 +02:00] [Thread 13712] extDB3: Error Unknown Protocol: 1472  Input String: 2:1472:SELECT exp_level, exp_total, exp_perkPoints, exp_perks FROM players WHERE pid = '76561197989167731'
[09:20:02:786447 +02:00] [Thread 13712] extDB3: Error Unknown Protocol: 1472  Input String: 2:1472:SELECT exp_level, exp_total, exp_perkPoints, exp_perks FROM players WHERE pid = '76561197989167731'
[09:20:07:765702 +02:00] [Thread 13712] extDB3: Error Unknown Protocol: 1472  Input String: 2:1472:SELECT exp_level, exp_total, exp_perkPoints, exp_perks FROM players WHERE pid = '76561197989167731'
[09:20:12:783053 +02:00] [Thread 13712] extDB3: Error Unknown Protocol: 1472  Input String: 2:1472:SELECT exp_level, exp_total, exp_perkPoints, exp_perks FROM players WHERE pid = '76561197989167731'
[09:20:17:823468 +02:00] [Thread 13712] extDB3: Error Unknown Protocol: 1472  Input String: 2:1472:SELECT exp_level, exp_total, exp_perkPoints, exp_perks FROM players WHERE pid = '76561197989167731'
[09:20:22:837816 +02:00] [Thread 13712] extDB3: Error Unknown Protocol: 1472  Input String: 2:1472:SELECT exp_level, exp_total, exp_perkPoints, exp_perks FROM players WHERE pid = '76561197989167731'
[09:20:28:264251 +02:00] [Thread 13712] extDB3: Error Unknown Protocol: 1472  Input String: 2:1472:SELECT exp_level, exp_total, exp_perkPoints, exp_perks FROM players WHERE pid = '76561197989167731'
[09:20:33:968457 +02:00] [Thread 13712] extDB3: Error Unknown Protocol: 1472  Input String: 2:1472:SELECT exp_level, exp_total, exp_perkPoints, exp_perks FROM players WHERE pid = '76561197989167731'
[09:20:39:132183 +02:00] [Thread 13712] extDB3: Error Unknown Protocol: 1472  Input String: 2:1472:SELECT exp_level, exp_total, exp_perkPoints, exp_perks FROM players WHERE pid = '76561197989167731'
[09:20:44:517513 +02:00] [Thread 13712] extDB3: Error Unknown Protocol: 1472  Input String: 2:1472:SELECT exp_level, exp_total, exp_perkPoints, exp_perks FROM players WHERE pid = '76561197989167731'
[09:20:49:926929 +02:00] [Thread 13712] extDB3: Error Unknown Protocol: 1472  Input String: 2:1472:SELECT exp_level, exp_total, exp_perkPoints, exp_perks FROM players WHERE pid = '76561197989167731'
[09:20:55:222029 +02:00] [Thread 13712] extDB3: Error Unknown Protocol: 1472  Input String: 2:1472:SELECT exp_level, exp_total, exp_perkPoints, exp_perks FROM players WHERE pid = '76561197989167731'
[09:21:00:466991 +02:00] [Thread 13712] extDB3: Error Unknown Protocol: 1472  Input String: 2:1472:SELECT exp_level, exp_total, exp_perkPoints, exp_perks FROM players WHERE pid = '76561197989167731'
[09:21:05:366031 +02:00] [Thread 13712] extDB3: Error Unknown Protocol: 1472  Input String: 2:1472:SELECT exp_level, exp_total, exp_perkPoints, exp_perks FROM players WHERE pid = '76561197989167731'
[09:21:10:445545 +02:00] [Thread 13712] extDB3: Error Unknown Protocol: 1472  Input String: 2:1472:SELECT exp_level, exp_total, exp_perkPoints, exp_perks FROM players WHERE pid = '76561197989167731'
[09:21:15:730253 +02:00] [Thread 13712] extDB3: Error Unknown Protocol: 1472  Input String: 2:1472:SELECT exp_level, exp_total, exp_perkPoints, exp_perks FROM players WHERE pid = '76561197989167731'
[09:21:21:577818 +02:00] [Thread 13712] extDB3: Error Unknown Protocol: 1472  Input String: 2:1472:SELECT exp_level, exp_total, exp_perkPoints, exp_perks FROM players WHERE pid = '76561197989167731'
[09:21:28:019955 +02:00] [Thread 13712] extDB3: Error Unknown Protocol: 1472  Input String: 2:1472:SELECT exp_level, exp_total, exp_perkPoints, exp_perks FROM players WHERE pid = '76561197989167731'
[09:21:33:536643 +02:00] [Thread 13712] extDB3: Error Unknown Protocol: 1472  Input String: 2:1472:SELECT exp_level, exp_total, exp_perkPoints, exp_perks FROM players WHERE pid = '76561197989167731'
[09:21:49:381658 +02:00] [Thread 13712] extDB3: Error Unknown Protocol: 1472  Input String: 2:1472:SELECT exp_level, exp_total, exp_perkPoints, exp_perks FROM players WHERE pid = '76561197989167731'
[09:21:49:381817 +02:00] [Thread 13712] extDB3: Error Unknown Protocol: 1472  Input String: 2:1472:SELECT exp_level, exp_total, exp_perkPoints, exp_perks FROM players WHERE pid = '76561197989167731'
[09:21:49:381910 +02:00] [Thread 13712] extDB3: Error Unknown Protocol: 1472  Input String: 2:1472:SELECT exp_level, exp_total, exp_perkPoints, exp_perks FROM players WHERE pid = '76561197989167731'
[09:21:54:303958 +02:00] [Thread 13712] extDB3: Error Unknown Protocol: 1472  Input String: 2:1472:SELECT exp_level, exp_total, exp_perkPoints, exp_perks FROM players WHERE pid = '76561197989167731'
[09:21:59:350343 +02:00] [Thread 13712] extDB3: Error Unknown Protocol: 1472  Input String: 2:1472:SELECT exp_level, exp_total, exp_perkPoints, exp_perks FROM players WHERE pid = '76561197989167731'
[09:22:04:402579 +02:00] [Thread 13712] extDB3: Error Unknown Protocol: 1472  Input String: 2:1472:SELECT exp_level, exp_total, exp_perkPoints, exp_perks FROM players WHERE pid = '76561197989167731'
[09:22:09:451020 +02:00] [Thread 13712] extDB3: Error Unknown Protocol: 1472  Input String: 2:1472:SELECT exp_level, exp_total, exp_perkPoints, exp_perks FROM players WHERE pid = '76561197989167731'
[09:22:14:553614 +02:00] [Thread 13712] extDB3: Error Unknown Protocol: 1472  Input String: 2:1472:SELECT exp_level, exp_total, exp_perkPoints, exp_perks FROM players WHERE pid = '76561197989167731'
[09:22:19:856716 +02:00] [Thread 13712] extDB3: Error Unknown Protocol: 1472  Input String: 2:1472:SELECT exp_level, exp_total, exp_perkPoints, exp_perks FROM players WHERE pid = '76561197989167731'
[09:22:25:024937 +02:00] [Thread 13712] extDB3: Error Unknown Protocol: 1472  Input String: 2:1472:SELECT exp_level, exp_total, exp_perkPoints, exp_perks FROM players WHERE pid = '76561197989167731'
[09:22:30:657224 +02:00] [Thread 13712] extDB3: Error Unknown Protocol: 1472  Input String: 2:1472:SELECT exp_level, exp_total, exp_perkPoints, exp_perks FROM players WHERE pid = '76561197989167731'
[09:22:35:881229 +02:00] [Thread 13712] extDB3: Error Unknown Protocol: 1472  Input String: 2:1472:SELECT exp_level, exp_total, exp_perkPoints, exp_perks FROM players WHERE pid = '76561197989167731'
[09:22:40:929665 +02:00] [Thread 13712] extDB3: Error Unknown Protocol: 1472  Input String: 2:1472:SELECT exp_level, exp_total, exp_perkPoints, exp_perks FROM players WHERE pid = '76561197989167731'
[09:22:46:385127 +02:00] [Thread 13712] extDB3: Error Unknown Protocol: 1472  Input String: 2:1472:SELECT exp_level, exp_total, exp_perkPoints, exp_perks FROM players WHERE pid = '76561197989167731'
[09:22:51:522872 +02:00] [Thread 13712] extDB3: Error Unknown Protocol: 1472  Input String: 2:1472:SELECT exp_level, exp_total, exp_perkPoints, exp_perks FROM players WHERE pid = '76561197989167731'
[09:22:56:561350 +02:00] [Thread 13712] extDB3: Error Unknown Protocol: 1472  Input String: 2:1472:SELECT exp_level, exp_total, exp_perkPoints, exp_perks FROM players WHERE pid = '76561197989167731'
[09:23:01:778235 +02:00] [Thread 13712] extDB3: Error Unknown Protocol: 1472  Input String: 2:1472:SELECT exp_level, exp_total, exp_perkPoints, exp_perks FROM players WHERE pid = '76561197989167731'
[09:23:06:847708 +02:00] [Thread 13712] extDB3: Error Unknown Protocol: 1472  Input String: 2:1472:SELECT exp_level, exp_total, exp_perkPoints, exp_perks FROM players WHERE pid = '76561197989167731'
[09:23:12:103705 +02:00] [Thread 13712] extDB3: Error Unknown Protocol: 1472  Input String: 2:1472:SELECT exp_level, exp_total, exp_perkPoints, exp_perks FROM players WHERE pid = '76561197989167731'
[09:23:17:543185 +02:00] [Thread 13712] extDB3: Error Unknown Protocol: 1472  Input String: 2:1472:SELECT exp_level, exp_total, exp_perkPoints, exp_perks FROM players WHERE pid = '76561197989167731'
[09:23:23:267171 +02:00] [Thread 13712] extDB3: Error Unknown Protocol: 1472  Input String: 2:1472:SELECT exp_level, exp_total, exp_perkPoints, exp_perks FROM players WHERE pid = '76561197989167731'
[09:23:28:492568 +02:00] [Thread 13712] extDB3: Error Unknown Protocol: 1472  Input String: 2:1472:SELECT exp_level, exp_total, exp_perkPoints, exp_perks FROM players WHERE pid = '76561197989167731'
[09:23:33:630236 +02:00] [Thread 13712] extDB3: Error Unknown Protocol: 1472  Input String: 2:1472:SELECT exp_level, exp_total, exp_perkPoints, exp_perks FROM players WHERE pid = '76561197989167731'
[09:23:39:218189 +02:00] [Thread 13712] extDB3: Error Unknown Protocol: 1472  Input String: 2:1472:SELECT exp_level, exp_total, exp_perkPoints, exp_perks FROM players WHERE pid = '76561197989167731'
[09:23:45:751564 +02:00] [Thread 13712] extDB3: Error Unknown Protocol: 1472  Input String: 2:1472:SELECT exp_level, exp_total, exp_perkPoints, exp_perks FROM players WHERE pid = '76561197989167731'
[09:23:51:154949 +02:00] [Thread 13712] extDB3: Error Unknown Protocol: 1472  Input String: 2:1472:SELECT exp_level, exp_total, exp_perkPoints, exp_perks FROM players WHERE pid = '76561197989167731'
[09:23:57:297948 +02:00] [Thread 13712] extDB3: Error Unknown Protocol: 1472  Input String: 2:1472:SELECT exp_level, exp_total, exp_perkPoints, exp_perks FROM players WHERE pid = '76561197989167731'
[09:24:02:821683 +02:00] [Thread 13712] extDB3: Error Unknown Protocol: 1472  Input String: 2:1472:SELECT exp_level, exp_total, exp_perkPoints, exp_perks FROM players WHERE pid = '76561197989167731'
[09:24:10:445961 +02:00] [Thread 13712] extDB3: Error Unknown Protocol: 1472  Input String: 2:1472:SELECT exp_level, exp_total, exp_perkPoints, exp_perks FROM players WHERE pid = '76561197989167731'
[09:24:15:840825 +02:00] [Thread 13712] extDB3: Error Unknown Protocol: 1472  Input String: 2:1472:SELECT exp_level, exp_total, exp_perkPoints, exp_perks FROM players WHERE pid = '76561197989167731'
[09:24:22:902639 +02:00] [Thread 13712] extDB3: Error Unknown Protocol: 1472  Input String: 2:1472:SELECT exp_level, exp_total, exp_perkPoints, exp_perks FROM players WHERE pid = '76561197989167731'
[09:24:28:900532 +02:00] [Thread 13712] extDB3: Error Unknown Protocol: 1472  Input String: 2:1472:SELECT exp_level, exp_total, exp_perkPoints, exp_perks FROM players WHERE pid = '76561197989167731'
[09:24:35:475059 +02:00] [Thread 13712] extDB3: Error Unknown Protocol: 1472  Input String: 2:1472:SELECT exp_level, exp_total, exp_perkPoints, exp_perks FROM players WHERE pid = '76561197989167731'
[09:24:41:113026 +02:00] [Thread 13712] extDB3: Error Unknown Protocol: 1472  Input String: 2:1472:SELECT exp_level, exp_total, exp_perkPoints, exp_perks FROM players WHERE pid = '76561197989167731'
[09:24:48:941866 +02:00] [Thread 13712] extDB3: Error Unknown Protocol: 1472  Input String: 2:1472:SELECT exp_level, exp_total, exp_perkPoints, exp_perks FROM players WHERE pid = '76561197989167731'
[09:25:00:110682 +02:00] [Thread 13712] extDB3: Error Unknown Protocol: 1472  Input String: 2:1472:SELECT exp_level, exp_total, exp_perkPoints, exp_perks FROM players WHERE pid = '76561197989167731'
[09:25:06:367235 +02:00] [Thread 13712] extDB3: Error Unknown Protocol: 1472  Input String: 2:1472:SELECT exp_level, exp_total, exp_perkPoints, exp_perks FROM players WHERE pid = '76561197989167731'
[09:25:14:118873 +02:00] [Thread 13712] extDB3: Error Unknown Protocol: 1472  Input String: 2:1472:SELECT exp_level, exp_total, exp_perkPoints, exp_perks FROM players WHERE pid = '76561197989167731'
[09:25:23:648281 +02:00] [Thread 13712] extDB3: Error Unknown Protocol: 1472  Input String: 2:1472:SELECT exp_level, exp_total, exp_perkPoints, exp_perks FROM players WHERE pid = '76561197989167731'
[09:25:30:838405 +02:00] [Thread 13712] extDB3: Error Unknown Protocol: 1472  Input String: 2:1472:SELECT exp_level, exp_total, exp_perkPoints, exp_perks FROM players WHERE pid = '76561197989167731'
[09:25:36:682927 +02:00] [Thread 13712] extDB3: Error Unknown Protocol: 1472  Input String: 2:1472:SELECT exp_level, exp_total, exp_perkPoints, exp_perks FROM players WHERE pid = '76561197989167731'
[09:25:42:017132 +02:00] [Thread 13712] extDB3: Error Unknown Protocol: 1472  Input String: 2:1472:SELECT exp_level, exp_total, exp_perkPoints, exp_perks FROM players WHERE pid = '76561197989167731'
[09:25:47:282065 +02:00] [Thread 13712] extDB3: Error Unknown Protocol: 1472  Input String: 2:1472:SELECT exp_level, exp_total, exp_perkPoints, exp_perks FROM players WHERE pid = '76561197989167731'
[09:25:53:392413 +02:00] [Thread 13712] extDB3: Error Unknown Protocol: 1472  Input String: 2:1472:SELECT exp_level, exp_total, exp_perkPoints, exp_perks FROM players WHERE pid = '76561197989167731'
[09:25:59:404444 +02:00] [Thread 13712] extDB3: Error Unknown Protocol: 1472  Input String: 2:1472:SELECT exp_level, exp_total, exp_perkPoints, exp_perks FROM players WHERE pid = '76561197989167731'
[09:26:05:116596 +02:00] [Thread 13712] extDB3: Error Unknown Protocol: 1472  Input String: 2:1472:SELECT exp_level, exp_total, exp_perkPoints, exp_perks FROM players WHERE pid = '76561197989167731'
[09:26:11:162698 +02:00] [Thread 13712] extDB3: Error Unknown Protocol: 1472  Input String: 2:1472:SELECT exp_level, exp_total, exp_perkPoints, exp_perks FROM players WHERE pid = '76561197989167731'
[09:26:17:028350 +02:00] [Thread 13712] extDB3: Error Unknown Protocol: 1472  Input String: 2:1472:SELECT exp_level, exp_total, exp_perkPoints, exp_perks FROM players WHERE pid = '76561197989167731'
[09:26:22:564348 +02:00] [Thread 13712] extDB3: Error Unknown Protocol: 1472  Input String: 2:1472:SELECT exp_level, exp_total, exp_perkPoints, exp_perks FROM players WHERE pid = '76561197989167731'
[09:26:28:548268 +02:00] [Thread 13712] extDB3: Error Unknown Protocol: 1472  Input String: 2:1472:SELECT exp_level, exp_total, exp_perkPoints, exp_perks FROM players WHERE pid = '76561197989167731'
[09:26:33:866087 +02:00] [Thread 13712] extDB3: Error Unknown Protocol: 1472  Input String: 2:1472:SELECT exp_level, exp_total, exp_perkPoints, exp_perks FROM players WHERE pid = '76561197989167731'
[09:26:40:079189 +02:00] [Thread 13712] extDB3: Error Unknown Protocol: 1472  Input String: 2:1472:SELECT exp_level, exp_total, exp_perkPoints, exp_perks FROM players WHERE pid = '76561197989167731'
[09:26:47:520037 +02:00] [Thread 13712] extDB3: Error Unknown Protocol: 1472  Input String: 2:1472:SELECT exp_level, exp_total, exp_perkPoints, exp_perks FROM players WHERE pid = '76561197989167731'
[09:26:50:344528 +02:00] [Thread 13712] extDB3: Error Unknown Protocol: 1472  Input String: 2:1472:SELECT id, side, classname, type, pid, alive, active, plate, color FROM vehicles WHERE pid='76561197989167731' AND alive='1' AND active='0' AND side='civ' AND type='Car'
[09:26:55:566424 +02:00] [Thread 13712] extDB3: Error Unknown Protocol: 1472  Input String: 2:1472:SELECT exp_level, exp_total, exp_perkPoints, exp_perks FROM players WHERE pid = '76561197989167731'
[09:27:01:381857 +02:00] [Thread 13712] extDB3: Error Unknown Protocol: 1472  Input String: 2:1472:SELECT exp_level, exp_total, exp_perkPoints, exp_perks FROM players WHERE pid = '76561197989167731'
[09:27:07:038988 +02:00] [Thread 13712] extDB3: Error Unknown Protocol: 1472  Input String: 2:1472:SELECT exp_level, exp_total, exp_perkPoints, exp_perks FROM players WHERE pid = '76561197989167731'
[09:27:12:942627 +02:00] [Thread 13712] extDB3: Error Unknown Protocol: 1472  Input String: 2:1472:SELECT exp_level, exp_total, exp_perkPoints, exp_perks FROM players WHERE pid = '76561197989167731'
[09:27:18:891457 +02:00] [Thread 13712] extDB3: Error Unknown Protocol: 1472  Input String: 2:1472:SELECT exp_level, exp_total, exp_perkPoints, exp_perks FROM players WHERE pid = '76561197989167731'
[09:27:25:180261 +02:00] [Thread 13712] extDB3: Error Unknown Protocol: 1472  Input String: 2:1472:SELECT exp_level, exp_total, exp_perkPoints, exp_perks FROM players WHERE pid = '76561197989167731'
[09:27:31:124019 +02:00] [Thread 13712] extDB3: Error Unknown Protocol: 1472  Input String: 2:1472:SELECT exp_level, exp_total, exp_perkPoints, exp_perks FROM players WHERE pid = '76561197989167731'
[09:27:37:820913 +02:00] [Thread 13712] extDB3: Error Unknown Protocol: 1472  Input String: 2:1472:SELECT exp_level, exp_total, exp_perkPoints, exp_perks FROM players WHERE pid = '76561197989167731'
[09:27:48:358054 +02:00] [Thread 13712] extDB3: Error Unknown Protocol: 1472  Input String: 2:1472:SELECT exp_level, exp_total, exp_perkPoints, exp_perks FROM players WHERE pid = '76561197989167731'
[09:27:56:343375 +02:00] [Thread 13712] extDB3: Error Unknown Protocol: 1472  Input String: 2:1472:SELECT exp_level, exp_total, exp_perkPoints, exp_perks FROM players WHERE pid = '76561197989167731'
[09:28:16:709727 +02:00] [Thread 13712] extDB3: Error Unknown Protocol: 1472  Input String: 2:1472:SELECT exp_level, exp_total, exp_perkPoints, exp_perks FROM players WHERE pid = '76561197989167731'
[09:28:22:094955 +02:00] [Thread 13712] extDB3: Error Unknown Protocol: 1472  Input String: 2:1472:SELECT exp_level, exp_total, exp_perkPoints, exp_perks FROM players WHERE pid = '76561197989167731'
[09:34:45:227186 +02:00] [Thread 13712] extDB3: Error Unknown Protocol: 1472  Input String: 2:1472:SELECT exp_level, exp_total, exp_perkPoints, exp_perks FROM players WHERE pid = '76561198068512915'
[09:34:46:229860 +02:00] [Thread 13712] extDB3: Error Unknown Protocol: 1472  Input String: 2:1472:SELECT exp_level, exp_total, exp_perkPoints, exp_perks FROM players WHERE pid = '76561198068512915'
[09:48:40:502612 +02:00] [Thread 13712] extDB3: Error Unknown Protocol: 1472  Input String: 2:1472:SELECT exp_level, exp_total, exp_perkPoints, exp_perks FROM players WHERE pid = '76561198068512915'
[09:48:42:245162 +02:00] [Thread 13712] extDB3: Error Unknown Protocol: 1472  Input String: 2:1472:SELECT exp_level, exp_total, exp_perkPoints, exp_perks FROM players WHERE pid = '76561198068512915'
[09:48:49:638859 +02:00] [Thread 13712] extDB3: Error Unknown Protocol: 1472  Input String: 2:1472:SELECT exp_level, exp_total, exp_perkPoints, exp_perks FROM players WHERE pid = '76561198068512915'
[09:48:54:559937 +02:00] [Thread 13712] extDB3: Error Unknown Protocol: 1472  Input String: 2:1472:SELECT exp_level, exp_total, exp_perkPoints, exp_perks FROM players WHERE pid = '76561198068512915'
[09:48:59:580294 +02:00] [Thread 13712] extDB3: Error Unknown Protocol: 1472  Input String: 2:1472:SELECT exp_level, exp_total, exp_perkPoints, exp_perks FROM players WHERE pid = '76561198068512915'
[09:49:04:599738 +02:00] [Thread 13712] extDB3: Error Unknown Protocol: 1472  Input String: 2:1472:SELECT exp_level, exp_total, exp_perkPoints, exp_perks FROM players WHERE pid = '76561198068512915'
[09:49:09:587135 +02:00] [Thread 13712] extDB3: Error Unknown Protocol: 1472  Input String: 2:1472:SELECT exp_level, exp_total, exp_perkPoints, exp_perks FROM players WHERE pid = '76561198068512915'
[09:49:14:623416 +02:00] [Thread 13712] extDB3: Error Unknown Protocol: 1472  Input String: 2:1472:SELECT exp_level, exp_total, exp_perkPoints, exp_perks FROM players WHERE pid = '76561198068512915'
[09:49:19:593754 +02:00] [Thread 13712] extDB3: Error Unknown Protocol: 1472  Input String: 2:1472:SELECT exp_level, exp_total, exp_perkPoints, exp_perks FROM players WHERE pid = '76561198068512915'
[09:49:24:608097 +02:00] [Thread 13712] extDB3: Error Unknown Protocol: 1472  Input String: 2:1472:SELECT exp_level, exp_total, exp_perkPoints, exp_perks FROM players WHERE pid = '76561198068512915'
[09:49:29:617619 +02:00] [Thread 13712] extDB3: Error Unknown Protocol: 1472  Input String: 2:1472:SELECT exp_level, exp_total, exp_perkPoints, exp_perks FROM players WHERE pid = '76561198068512915'
[10:02:09:550049 +02:00] [Thread 13712] extDB3: Error Unknown Protocol: 1472  Input String: 2:1472:SELECT exp_level, exp_total, exp_perkPoints, exp_perks FROM players WHERE pid = '76561198360005257'
[10:02:10:074301 +02:00] [Thread 13712] extDB3: Error Unknown Protocol: 1472  Input String: 2:1472:SELECT exp_level, exp_total, exp_perkPoints, exp_perks FROM players WHERE pid = '76561198360005257'
[10:02:16:797105 +02:00] [Thread 13712] extDB3: Error Unknown Protocol: 1472  Input String: 2:1472:SELECT exp_level, exp_total, exp_perkPoints, exp_perks FROM players WHERE pid = '76561198360005257'
[10:02:21:836544 +02:00] [Thread 13712] extDB3: Error Unknown Protocol: 1472  Input String: 2:1472:SELECT exp_level, exp_total, exp_perkPoints, exp_perks FROM players WHERE pid = '76561198360005257'
[10:02:26:893006 +02:00] [Thread 13712] extDB3: Error Unknown Protocol: 1472  Input String: 2:1472:SELECT exp_level, exp_total, exp_perkPoints, exp_perks FROM players WHERE pid = '76561198360005257'
[10:02:31:960490 +02:00] [Thread 13712] extDB3: Error Unknown Protocol: 1472  Input String: 2:1472:SELECT exp_level, exp_total, exp_perkPoints, exp_perks FROM players WHERE pid = '76561198360005257'
[10:02:37:017001 +02:00] [Thread 13712] extDB3: Error Unknown Protocol: 1472  Input String: 2:1472:SELECT exp_level, exp_total, exp_perkPoints, exp_perks FROM players WHERE pid = '76561198360005257'
[10:02:52:341737 +02:00] [Thread 13712] extDB3: Error Unknown Protocol: 1472  Input String: 2:1472:SELECT exp_level, exp_total, exp_perkPoints, exp_perks FROM players WHERE pid = '76561198360005257'
[10:02:52:764864 +02:00] [Thread 13712] extDB3: Error Unknown Protocol: 1472  Input String: 2:1472:SELECT exp_level, exp_total, exp_perkPoints, exp_perks FROM players WHERE pid = '76561198360005257'
[10:02:58:280557 +02:00] [Thread 13712] extDB3: Error Unknown Protocol: 1472  Input String: 2:1472:SELECT exp_level, exp_total, exp_perkPoints, exp_perks FROM players WHERE pid = '76561198360005257'
[10:03:03:382148 +02:00] [Thread 13712] extDB3: Error Unknown Protocol: 1472  Input String: 2:1472:SELECT exp_level, exp_total, exp_perkPoints, exp_perks FROM players WHERE pid = '76561198360005257'
[10:03:08:468732 +02:00] [Thread 13712] extDB3: Error Unknown Protocol: 1472  Input String: 2:1472:SELECT exp_level, exp_total, exp_perkPoints, exp_perks FROM players WHERE pid = '76561198360005257'
[10:03:13:556267 +02:00] [Thread 13712] extDB3: Error Unknown Protocol: 1472  Input String: 2:1472:SELECT exp_level, exp_total, exp_perkPoints, exp_perks FROM players WHERE pid = '76561198360005257'
[10:03:18:658592 +02:00] [Thread 13712] extDB3: Error Unknown Protocol: 1472  Input String: 2:1472:SELECT exp_level, exp_total, exp_perkPoints, exp_perks FROM players WHERE pid = '76561198360005257'
[10:03:23:721066 +02:00] [Thread 13712] extDB3: Error Unknown Protocol: 1472  Input String: 2:1472:SELECT exp_level, exp_total, exp_perkPoints, exp_perks FROM players WHERE pid = '76561198360005257'
[10:03:28:744419 +02:00] [Thread 13712] extDB3: Error Unknown Protocol: 1472  Input String: 2:1472:SELECT exp_level, exp_total, exp_perkPoints, exp_perks FROM players WHERE pid = '76561198360005257'
[10:03:33:779820 +02:00] [Thread 13712] extDB3: Error Unknown Protocol: 1472  Input String: 2:1472:SELECT exp_level, exp_total, exp_perkPoints, exp_perks FROM players WHERE pid = '76561198360005257'
[10:03:39:028808 +02:00] [Thread 13712] extDB3: Error Unknown Protocol: 1472  Input String: 2:1472:SELECT exp_level, exp_total, exp_perkPoints, exp_perks FROM players WHERE pid = '76561198360005257'
[10:03:44:021081 +02:00] [Thread 13712] extDB3: Error Unknown Protocol: 1472  Input String: 2:1472:SELECT exp_level, exp_total, exp_perkPoints, exp_perks FROM players WHERE pid = '76561198360005257'
[10:03:45:298535 +02:00] [Thread 13712] extDB3: Error Unknown Protocol: 1472  Input String: 2:1472:SELECT exp_level, exp_total, exp_perkPoints, exp_perks FROM players WHERE pid = '76561198087097268'
[10:03:47:585973 +02:00] [Thread 13712] extDB3: Error Unknown Protocol: 1472  Input String: 2:1472:SELECT exp_level, exp_total, exp_perkPoints, exp_perks FROM players WHERE pid = '76561198087097268'
[10:03:49:042854 +02:00] [Thread 13712] extDB3: Error Unknown Protocol: 1472  Input String: 2:1472:SELECT exp_level, exp_total, exp_perkPoints, exp_perks FROM players WHERE pid = '76561198360005257'
[10:03:54:078270 +02:00] [Thread 13712] extDB3: Error Unknown Protocol: 1472  Input String: 2:1472:SELECT exp_level, exp_total, exp_perkPoints, exp_perks FROM players WHERE pid = '76561198360005257'
[10:03:54:183538 +02:00] [Thread 13712] extDB3: Error Unknown Protocol: 1472  Input String: 2:1472:SELECT exp_level, exp_total, exp_perkPoints, exp_perks FROM players WHERE pid = '76561198087097268'
[10:03:59:080562 +02:00] [Thread 13712] extDB3: Error Unknown Protocol: 1472  Input String: 2:1472:SELECT exp_level, exp_total, exp_perkPoints, exp_perks FROM players WHERE pid = '76561198360005257'
[10:03:59:165801 +02:00] [Thread 13712] extDB3: Error Unknown Protocol: 1472  Input String: 2:1472:SELECT exp_level, exp_total, exp_perkPoints, exp_perks FROM players WHERE pid = '76561198087097268'
[10:04:04:075864 +02:00] [Thread 13712] extDB3: Error Unknown Protocol: 1472  Input String: 2:1472:SELECT exp_level, exp_total, exp_perkPoints, exp_perks FROM players WHERE pid = '76561198360005257'
[10:04:04:182145 +02:00] [Thread 13712] extDB3: Error Unknown Protocol: 1472  Input String: 2:1472:SELECT exp_level, exp_total, exp_perkPoints, exp_perks FROM players WHERE pid = '76561198087097268'
[10:04:09:086196 +02:00] [Thread 13712] extDB3: Error Unknown Protocol: 1472  Input String: 2:1472:SELECT exp_level, exp_total, exp_perkPoints, exp_perks FROM players WHERE pid = '76561198360005257'
[10:04:09:191476 +02:00] [Thread 13712] extDB3: Error Unknown Protocol: 1472  Input String: 2:1472:SELECT exp_level, exp_total, exp_perkPoints, exp_perks FROM players WHERE pid = '76561198087097268'
[10:04:14:112575 +02:00] [Thread 13712] extDB3: Error Unknown Protocol: 1472  Input String: 2:1472:SELECT exp_level, exp_total, exp_perkPoints, exp_perks FROM players WHERE pid = '76561198360005257'
[10:04:14:240935 +02:00] [Thread 13712] extDB3: Error Unknown Protocol: 1472  Input String: 2:1472:SELECT exp_level, exp_total, exp_perkPoints, exp_perks FROM players WHERE pid = '76561198087097268'
[10:04:19:123935 +02:00] [Thread 13712] extDB3: Error Unknown Protocol: 1472  Input String: 2:1472:SELECT exp_level, exp_total, exp_perkPoints, exp_perks FROM players WHERE pid = '76561198360005257'
[10:04:19:375585 +02:00] [Thread 13712] extDB3: Error Unknown Protocol: 1472  Input String: 2:1472:SELECT exp_level, exp_total, exp_perkPoints, exp_perks FROM players WHERE pid = '76561198087097268'
[10:04:24:159343 +02:00] [Thread 13712] extDB3: Error Unknown Protocol: 1472  Input String: 2:1472:SELECT exp_level, exp_total, exp_perkPoints, exp_perks FROM players WHERE pid = '76561198360005257'
[10:04:24:501221 +02:00] [Thread 13712] extDB3: Error Unknown Protocol: 1472  Input String: 2:1472:SELECT exp_level, exp_total, exp_perkPoints, exp_perks FROM players WHERE pid = '76561198087097268'
[10:04:29:177699 +02:00] [Thread 13712] extDB3: Error Unknown Protocol: 1472  Input String: 2:1472:SELECT exp_level, exp_total, exp_perkPoints, exp_perks FROM players WHERE pid = '76561198360005257'
[10:04:29:496513 +02:00] [Thread 13712] extDB3: Error Unknown Protocol: 1472  Input String: 2:1472:SELECT exp_level, exp_total, exp_perkPoints, exp_perks FROM players WHERE pid = '76561198087097268'
[10:04:34:221154 +02:00] [Thread 13712] extDB3: Error Unknown Protocol: 1472  Input String: 2:1472:SELECT exp_level, exp_total, exp_perkPoints, exp_perks FROM players WHERE pid = '76561198360005257'
[10:04:34:607113 +02:00] [Thread 13712] extDB3: Error Unknown Protocol: 1472  Input String: 2:1472:SELECT exp_level, exp_total, exp_perkPoints, exp_perks FROM players WHERE pid = '76561198087097268'
[10:04:39:267085 +02:00] [Thread 13712] extDB3: Error Unknown Protocol: 1472  Input String: 2:1472:SELECT exp_level, exp_total, exp_perkPoints, exp_perks FROM players WHERE pid = '76561198360005257'
[10:04:40:018065 +02:00] [Thread 13712] extDB3: Error Unknown Protocol: 1472  Input String: 2:1472:SELECT exp_level, exp_total, exp_perkPoints, exp_perks FROM players WHERE pid = '76561198087097268'
[10:04:44:227270 +02:00] [Thread 13712] extDB3: Error Unknown Protocol: 1472  Input String: 2:1472:SELECT exp_level, exp_total, exp_perkPoints, exp_perks FROM players WHERE pid = '76561198360005257'
[10:04:45:055468 +02:00] [Thread 13712] extDB3: Error Unknown Protocol: 1472  Input String: 2:1472:SELECT exp_level, exp_total, exp_perkPoints, exp_perks FROM players WHERE pid = '76561198087097268'
[10:04:49:162390 +02:00] [Thread 13712] extDB3: Error Unknown Protocol: 1472  Input String: 2:1472:SELECT exp_level, exp_total, exp_perkPoints, exp_perks FROM players WHERE pid = '76561198360005257'
[10:04:50:220216 +02:00] [Thread 13712] extDB3: Error Unknown Protocol: 1472  Input String: 2:1472:SELECT exp_level, exp_total, exp_perkPoints, exp_perks FROM players WHERE pid = '76561198087097268'
[10:04:54:157721 +02:00] [Thread 13712] extDB3: Error Unknown Protocol: 1472  Input String: 2:1472:SELECT exp_level, exp_total, exp_perkPoints, exp_perks FROM players WHERE pid = '76561198360005257'
[10:04:55:287703 +02:00] [Thread 13712] extDB3: Error Unknown Protocol: 1472  Input String: 2:1472:SELECT exp_level, exp_total, exp_perkPoints, exp_perks FROM players WHERE pid = '76561198087097268'
[10:04:59:132926 +02:00] [Thread 13712] extDB3: Error Unknown Protocol: 1472  Input String: 2:1472:SELECT exp_level, exp_total, exp_perkPoints, exp_perks FROM players WHERE pid = '76561198360005257'
[10:05:00:326112 +02:00] [Thread 13712] extDB3: Error Unknown Protocol: 1472  Input String: 2:1472:SELECT exp_level, exp_total, exp_perkPoints, exp_perks FROM players WHERE pid = '76561198087097268'
[10:05:04:127218 +02:00] [Thread 13712] extDB3: Error Unknown Protocol: 1472  Input String: 2:1472:SELECT exp_level, exp_total, exp_perkPoints, exp_perks FROM players WHERE pid = '76561198360005257'
[10:05:05:356518 +02:00] [Thread 13712] extDB3: Error Unknown Protocol: 1472  Input String: 2:1472:SELECT exp_level, exp_total, exp_perkPoints, exp_perks FROM players WHERE pid = '76561198087097268'
[10:05:09:100487 +02:00] [Thread 13712] extDB3: Error Unknown Protocol: 1472  Input String: 2:1472:SELECT exp_level, exp_total, exp_perkPoints, exp_perks FROM players WHERE pid = '76561198360005257'
[10:05:10:796977 +02:00] [Thread 13712] extDB3: Error Unknown Protocol: 1472  Input String: 2:1472:SELECT exp_level, exp_total, exp_perkPoints, exp_perks FROM players WHERE pid = '76561198087097268'
[10:05:14:061688 +02:00] [Thread 13712] extDB3: Error Unknown Protocol: 1472  Input String: 2:1472:SELECT exp_level, exp_total, exp_perkPoints, exp_perks FROM players WHERE pid = '76561198360005257'
[10:05:15:809294 +02:00] [Thread 13712] extDB3: Error Unknown Protocol: 1472  Input String: 2:1472:SELECT exp_level, exp_total, exp_perkPoints, exp_perks FROM players WHERE pid = '76561198087097268'
[10:05:19:074044 +02:00] [Thread 13712] extDB3: Error Unknown Protocol: 1472  Input String: 2:1472:SELECT exp_level, exp_total, exp_perkPoints, exp_perks FROM players WHERE pid = '76561198360005257'
[10:05:20:810782 +02:00] [Thread 13712] extDB3: Error Unknown Protocol: 1472  Input String: 2:1472:SELECT exp_level, exp_total, exp_perkPoints, exp_perks FROM players WHERE pid = '76561198087097268'
[10:05:24:002126 +02:00] [Thread 13712] extDB3: Error Unknown Protocol: 1472  Input String: 2:1472:SELECT exp_level, exp_total, exp_perkPoints, exp_perks FROM players WHERE pid = '76561198360005257'
[10:05:25:861067 +02:00] [Thread 13712] extDB3: Error Unknown Protocol: 1472  Input String: 2:1472:SELECT exp_level, exp_total, exp_perkPoints, exp_perks FROM players WHERE pid = '76561198087097268'
[10:05:28:945267 +02:00] [Thread 13712] extDB3: Error Unknown Protocol: 1472  Input String: 2:1472:SELECT exp_level, exp_total, exp_perkPoints, exp_perks FROM players WHERE pid = '76561198360005257'
[10:05:30:873542 +02:00] [Thread 13712] extDB3: Error Unknown Protocol: 1472  Input String: 2:1472:SELECT exp_level, exp_total, exp_perkPoints, exp_perks FROM players WHERE pid = '76561198087097268'
[10:05:33:929530 +02:00] [Thread 13712] extDB3: Error Unknown Protocol: 1472  Input String: 2:1472:SELECT exp_level, exp_total, exp_perkPoints, exp_perks FROM players WHERE pid = '76561198360005257'
[10:05:35:891765 +02:00] [Thread 13712] extDB3: Error Unknown Protocol: 1472  Input String: 2:1472:SELECT exp_level, exp_total, exp_perkPoints, exp_perks FROM players WHERE pid = '76561198087097268'
[10:05:38:873011 +02:00] [Thread 13712] extDB3: Error Unknown Protocol: 1472  Input String: 2:1472:SELECT exp_level, exp_total, exp_perkPoints, exp_perks FROM players WHERE pid = '76561198360005257'
[10:05:40:936187 +02:00] [Thread 13712] extDB3: Error Unknown Protocol: 1472  Input String: 2:1472:SELECT exp_level, exp_total, exp_perkPoints, exp_perks FROM players WHERE pid = '76561198087097268'
[10:05:43:784819 +02:00] [Thread 13712] extDB3: Error Unknown Protocol: 1472  Input String: 2:1472:SELECT exp_level, exp_total, exp_perkPoints, exp_perks FROM players WHERE pid = '76561198360005257'
[10:05:45:952543 +02:00] [Thread 13712] extDB3: Error Unknown Protocol: 1472  Input String: 2:1472:SELECT exp_level, exp_total, exp_perkPoints, exp_perks FROM players WHERE pid = '76561198087097268'
[10:05:48:711892 +02:00] [Thread 13712] extDB3: Error Unknown Protocol: 1472  Input String: 2:1472:SELECT exp_level, exp_total, exp_perkPoints, exp_perks FROM players WHERE pid = '76561198360005257'
[10:05:50:956931 +02:00] [Thread 13712] extDB3: Error Unknown Protocol: 1472  Input String: 2:1472:SELECT exp_level, exp_total, exp_perkPoints, exp_perks FROM players WHERE pid = '76561198087097268'
[10:05:53:670086 +02:00] [Thread 13712] extDB3: Error Unknown Protocol: 1472  Input String: 2:1472:SELECT exp_level, exp_total, exp_perkPoints, exp_perks FROM players WHERE pid = '76561198360005257'
[10:05:55:968222 +02:00] [Thread 13712] extDB3: Error Unknown Protocol: 1472  Input String: 2:1472:SELECT exp_level, exp_total, exp_perkPoints, exp_perks FROM players WHERE pid = '76561198087097268'
[10:05:58:638306 +02:00] [Thread 13712] extDB3: Error Unknown Protocol: 1472  Input String: 2:1472:SELECT exp_level, exp_total, exp_perkPoints, exp_perks FROM players WHERE pid = '76561198360005257'
[10:06:00:995621 +02:00] [Thread 13712] extDB3: Error Unknown Protocol: 1472  Input String: 2:1472:SELECT exp_level, exp_total, exp_perkPoints, exp_perks FROM players WHERE pid = '76561198087097268'
[10:06:03:618539 +02:00] [Thread 13712] extDB3: Error Unknown Protocol: 1472  Input String: 2:1472:SELECT exp_level, exp_total, exp_perkPoints, exp_perks FROM players WHERE pid = '76561198360005257'
[10:06:06:034988 +02:00] [Thread 13712] extDB3: Error Unknown Protocol: 1472  Input String: 2:1472:SELECT exp_level, exp_total, exp_perkPoints, exp_perks FROM players WHERE pid = '76561198087097268'
[10:06:08:593804 +02:00] [Thread 13712] extDB3: Error Unknown Protocol: 1472  Input String: 2:1472:SELECT exp_level, exp_total, exp_perkPoints, exp_perks FROM players WHERE pid = '76561198360005257'
[10:06:11:116512 +02:00] [Thread 13712] extDB3: Error Unknown Protocol: 1472  Input String: 2:1472:SELECT exp_level, exp_total, exp_perkPoints, exp_perks FROM players WHERE pid = '76561198087097268'
[10:06:13:541990 +02:00] [Thread 13712] extDB3: Error Unknown Protocol: 1472  Input String: 2:1472:SELECT exp_level, exp_total, exp_perkPoints, exp_perks FROM players WHERE pid = '76561198360005257'
[10:06:16:123845 +02:00] [Thread 13712] extDB3: Error Unknown Protocol: 1472  Input String: 2:1472:SELECT exp_level, exp_total, exp_perkPoints, exp_perks FROM players WHERE pid = '76561198087097268'
[10:06:18:486150 +02:00] [Thread 13712] extDB3: Error Unknown Protocol: 1472  Input String: 2:1472:SELECT exp_level, exp_total, exp_perkPoints, exp_perks FROM players WHERE pid = '76561198360005257'
[10:06:21:123144 +02:00] [Thread 13712] extDB3: Error Unknown Protocol: 1472  Input String: 2:1472:SELECT exp_level, exp_total, exp_perkPoints, exp_perks FROM players WHERE pid = '76561198087097268'
[10:06:23:443323 +02:00] [Thread 13712] extDB3: Error Unknown Protocol: 1472  Input String: 2:1472:SELECT exp_level, exp_total, exp_perkPoints, exp_perks FROM players WHERE pid = '76561198360005257'
[10:06:26:131477 +02:00] [Thread 13712] extDB3: Error Unknown Protocol: 1472  Input String: 2:1472:SELECT exp_level, exp_total, exp_perkPoints, exp_perks FROM players WHERE pid = '76561198087097268'
[10:06:28:331340 +02:00] [Thread 13712] extDB3: Error Unknown Protocol: 1472  Input String: 2:1472:SELECT exp_level, exp_total, exp_perkPoints, exp_perks FROM players WHERE pid = '76561198360005257'
[10:06:31:154872 +02:00] [Thread 13712] extDB3: Error Unknown Protocol: 1472  Input String: 2:1472:SELECT exp_level, exp_total, exp_perkPoints, exp_perks FROM players WHERE pid = '76561198087097268'
[10:06:33:322617 +02:00] [Thread 13712] extDB3: Error Unknown Protocol: 1472  Input String: 2:1472:SELECT exp_level, exp_total, exp_perkPoints, exp_perks FROM players WHERE pid = '76561198360005257'
[10:06:36:152145 +02:00] [Thread 13712] extDB3: Error Unknown Protocol: 1472  Input String: 2:1472:SELECT exp_level, exp_total, exp_perkPoints, exp_perks FROM players WHERE pid = '76561198087097268'
[10:06:38:359011 +02:00] [Thread 13712] extDB3: Error Unknown Protocol: 1472  Input String: 2:1472:SELECT exp_level, exp_total, exp_perkPoints, exp_perks FROM players WHERE pid = '76561198360005257'
[10:06:41:158438 +02:00] [Thread 13712] extDB3: Error Unknown Protocol: 1472  Input String: 2:1472:SELECT exp_level, exp_total, exp_perkPoints, exp_perks FROM players WHERE pid = '76561198087097268'
[10:06:46:183811 +02:00] [Thread 13712] extDB3: Error Unknown Protocol: 1472  Input String: 2:1472:SELECT exp_level, exp_total, exp_perkPoints, exp_perks FROM players WHERE pid = '76561198087097268'
[10:06:51:216259 +02:00] [Thread 13712] extDB3: Error Unknown Protocol: 1472  Input String: 2:1472:SELECT exp_level, exp_total, exp_perkPoints, exp_perks FROM players WHERE pid = '76561198087097268'
[10:06:56:221111 +02:00] [Thread 13712] extDB3: Error Unknown Protocol: 1472  Input String: 2:1472:SELECT exp_level, exp_total, exp_perkPoints, exp_perks FROM players WHERE pid = '76561198087097268'
[10:07:01:227445 +02:00] [Thread 13712] extDB3: Error Unknown Protocol: 1472  Input String: 2:1472:SELECT exp_level, exp_total, exp_perkPoints, exp_perks FROM players WHERE pid = '76561198087097268'
[10:07:06:248775 +02:00] [Thread 13712] extDB3: Error Unknown Protocol: 1472  Input String: 2:1472:SELECT exp_level, exp_total, exp_perkPoints, exp_perks FROM players WHERE pid = '76561198087097268'
[10:07:11:247845 +02:00] [Thread 13712] extDB3: Error Unknown Protocol: 1472  Input String: 2:1472:SELECT exp_level, exp_total, exp_perkPoints, exp_perks FROM players WHERE pid = '76561198087097268'
[10:07:16:223004 +02:00] [Thread 13712] extDB3: Error Unknown Protocol: 1472  Input String: 2:1472:SELECT exp_level, exp_total, exp_perkPoints, exp_perks FROM players WHERE pid = '76561198087097268'
[10:07:21:333682 +02:00] [Thread 13712] extDB3: Error Unknown Protocol: 1472  Input String: 2:1472:SELECT exp_level, exp_total, exp_perkPoints, exp_perks FROM players WHERE pid = '76561198087097268'
[10:07:25:663163 +02:00] [Thread 13712] extDB3: Error Unknown Protocol: 1472  Input String: 2:1472:SELECT exp_level, exp_total, exp_perkPoints, exp_perks FROM players WHERE pid = '76561198360005257'
[10:07:26:036214 +02:00] [Thread 13712] extDB3: Error Unknown Protocol: 1472  Input String: 2:1472:SELECT exp_level, exp_total, exp_perkPoints, exp_perks FROM players WHERE pid = '76561198360005257'
[10:07:26:346025 +02:00] [Thread 13712] extDB3: Error Unknown Protocol: 1472  Input String: 2:1472:SELECT exp_level, exp_total, exp_perkPoints, exp_perks FROM players WHERE pid = '76561198087097268'
[10:07:31:411571 +02:00] [Thread 13712] extDB3: Error Unknown Protocol: 1472  Input String: 2:1472:SELECT exp_level, exp_total, exp_perkPoints, exp_perks FROM players WHERE pid = '76561198087097268'
[10:07:31:515785 +02:00] [Thread 13712] extDB3: Error Unknown Protocol: 1472  Input String: 2:1472:SELECT exp_level, exp_total, exp_perkPoints, exp_perks FROM players WHERE pid = '76561198360005257'
[10:07:36:453926 +02:00] [Thread 13712] extDB3: Error Unknown Protocol: 1472  Input String: 2:1472:SELECT exp_level, exp_total, exp_perkPoints, exp_perks FROM players WHERE pid = '76561198087097268'
[10:07:36:586317 +02:00] [Thread 13712] extDB3: Error Unknown Protocol: 1472  Input String: 2:1472:SELECT exp_level, exp_total, exp_perkPoints, exp_perks FROM players WHERE pid = '76561198360005257'
[10:07:41:456061 +02:00] [Thread 13712] extDB3: Error Unknown Protocol: 1472  Input String: 2:1472:SELECT exp_level, exp_total, exp_perkPoints, exp_perks FROM players WHERE pid = '76561198087097268'
[10:07:41:651588 +02:00] [Thread 13712] extDB3: Error Unknown Protocol: 1472  Input String: 2:1472:SELECT exp_level, exp_total, exp_perkPoints, exp_perks FROM players WHERE pid = '76561198360005257'
[10:07:46:538594 +02:00] [Thread 13712] extDB3: Error Unknown Protocol: 1472  Input String: 2:1472:SELECT exp_level, exp_total, exp_perkPoints, exp_perks FROM players WHERE pid = '76561198087097268'
[10:07:46:692017 +02:00] [Thread 13712] extDB3: Error Unknown Protocol: 1472  Input String: 2:1472:SELECT exp_level, exp_total, exp_perkPoints, exp_perks FROM players WHERE pid = '76561198360005257'
[10:07:51:572986 +02:00] [Thread 13712] extDB3: Error Unknown Protocol: 1472  Input String: 2:1472:SELECT exp_level, exp_total, exp_perkPoints, exp_perks FROM players WHERE pid = '76561198087097268'
[10:07:51:727380 +02:00] [Thread 13712] extDB3: Error Unknown Protocol: 1472  Input String: 2:1472:SELECT exp_level, exp_total, exp_perkPoints, exp_perks FROM players WHERE pid = '76561198360005257'
[10:07:56:524092 +02:00] [Thread 13712] extDB3: Error Unknown Protocol: 1472  Input String: 2:1472:SELECT exp_level, exp_total, exp_perkPoints, exp_perks FROM players WHERE pid = '76561198087097268'
[10:07:56:827952 +02:00] [Thread 13712] extDB3: Error Unknown Protocol: 1472  Input String: 2:1472:SELECT exp_level, exp_total, exp_perkPoints, exp_perks FROM players WHERE pid = '76561198360005257'
[10:08:01:567531 +02:00] [Thread 13712] extDB3: Error Unknown Protocol: 1472  Input String: 2:1472:SELECT exp_level, exp_total, exp_perkPoints, exp_perks FROM players WHERE pid = '76561198087097268'
[10:08:01:892428 +02:00] [Thread 13712] extDB3: Error Unknown Protocol: 1472  Input String: 2:1472:SELECT exp_level, exp_total, exp_perkPoints, exp_perks FROM players WHERE pid = '76561198360005257'
[10:08:06:674849 +02:00] [Thread 13712] extDB3: Error Unknown Protocol: 1472  Input String: 2:1472:SELECT exp_level, exp_total, exp_perkPoints, exp_perks FROM players WHERE pid = '76561198087097268'
[10:08:06:960673 +02:00] [Thread 13712] extDB3: Error Unknown Protocol: 1472  Input String: 2:1472:SELECT exp_level, exp_total, exp_perkPoints, exp_perks FROM players WHERE pid = '76561198360005257'
[10:08:11:690208 +02:00] [Thread 13712] extDB3: Error Unknown Protocol: 1472  Input String: 2:1472:SELECT exp_level, exp_total, exp_perkPoints, exp_perks FROM players WHERE pid = '76561198087097268'
[10:08:12:021103 +02:00] [Thread 13712] extDB3: Error Unknown Protocol: 1472  Input String: 2:1472:SELECT exp_level, exp_total, exp_perkPoints, exp_perks FROM players WHERE pid = '76561198360005257'
[10:08:16:732666 +02:00] [Thread 13712] extDB3: Error Unknown Protocol: 1472  Input String: 2:1472:SELECT exp_level, exp_total, exp_perkPoints, exp_perks FROM players WHERE pid = '76561198087097268'
[10:08:17:085590 +02:00] [Thread 13712] extDB3: Error Unknown Protocol: 1472  Input String: 2:1472:SELECT exp_level, exp_total, exp_perkPoints, exp_perks FROM players WHERE pid = '76561198360005257'
[10:08:21:727778 +02:00] [Thread 13712] extDB3: Error Unknown Protocol: 1472  Input String: 2:1472:SELECT exp_level, exp_total, exp_perkPoints, exp_perks FROM players WHERE pid = '76561198087097268'
[10:08:22:123875 +02:00] [Thread 13712] extDB3: Error Unknown Protocol: 1472  Input String: 2:1472:SELECT exp_level, exp_total, exp_perkPoints, exp_perks FROM players WHERE pid = '76561198360005257'
[10:08:26:740132 +02:00] [Thread 13712] extDB3: Error Unknown Protocol: 1472  Input String: 2:1472:SELECT exp_level, exp_total, exp_perkPoints, exp_perks FROM players WHERE pid = '76561198087097268'
[10:08:27:107156 +02:00] [Thread 13712] extDB3: Error Unknown Protocol: 1472  Input String: 2:1472:SELECT exp_level, exp_total, exp_perkPoints, exp_perks FROM players WHERE pid = '76561198360005257'
[10:08:31:746489 +02:00] [Thread 13712] extDB3: Error Unknown Protocol: 1472  Input String: 2:1472:SELECT exp_level, exp_total, exp_perkPoints, exp_perks FROM players WHERE pid = '76561198087097268'
[10:08:32:073390 +02:00] [Thread 13712] extDB3: Error Unknown Protocol: 1472  Input String: 2:1472:SELECT exp_level, exp_total, exp_perkPoints, exp_perks FROM players WHERE pid = '76561198360005257'
[10:08:36:790978 +02:00] [Thread 13712] extDB3: Error Unknown Protocol: 1472  Input String: 2:1472:SELECT exp_level, exp_total, exp_perkPoints, exp_perks FROM players WHERE pid = '76561198087097268'
[10:08:37:140861 +02:00] [Thread 13712] extDB3: Error Unknown Protocol: 1472  Input String: 2:1472:SELECT exp_level, exp_total, exp_perkPoints, exp_perks FROM players WHERE pid = '76561198360005257'
[10:08:41:820501 +02:00] [Thread 13712] extDB3: Error Unknown Protocol: 1472  Input String: 2:1472:SELECT exp_level, exp_total, exp_perkPoints, exp_perks FROM players WHERE pid = '76561198087097268'
[10:08:42:213503 +02:00] [Thread 13712] extDB3: Error Unknown Protocol: 1472  Input String: 2:1472:SELECT exp_level, exp_total, exp_perkPoints, exp_perks FROM players WHERE pid = '76561198360005257'
[10:08:46:894001 +02:00] [Thread 13712] extDB3: Error Unknown Protocol: 1472  Input String: 2:1472:SELECT exp_level, exp_total, exp_perkPoints, exp_perks FROM players WHERE pid = '76561198087097268'
[10:08:47:320145 +02:00] [Thread 13712] extDB3: Error Unknown Protocol: 1472  Input String: 2:1472:SELECT exp_level, exp_total, exp_perkPoints, exp_perks FROM players WHERE pid = '76561198360005257'
[10:08:51:891252 +02:00] [Thread 13712] extDB3: Error Unknown Protocol: 1472  Input String: 2:1472:SELECT exp_level, exp_total, exp_perkPoints, exp_perks FROM players WHERE pid = '76561198087097268'
[10:08:52:420668 +02:00] [Thread 13712] extDB3: Error Unknown Protocol: 1472  Input String: 2:1472:SELECT exp_level, exp_total, exp_perkPoints, exp_perks FROM players WHERE pid = '76561198360005257'
[10:08:56:943833 +02:00] [Thread 13712] extDB3: Error Unknown Protocol: 1472  Input String: 2:1472:SELECT exp_level, exp_total, exp_perkPoints, exp_perks FROM players WHERE pid = '76561198087097268'
[10:08:57:476181 +02:00] [Thread 13712] extDB3: Error Unknown Protocol: 1472  Input String: 2:1472:SELECT exp_level, exp_total, exp_perkPoints, exp_perks FROM players WHERE pid = '76561198360005257'
[10:09:01:850871 +02:00] [Thread 13712] extDB3: Error Unknown Protocol: 1472  Input String: 2:1472:SELECT exp_level, exp_total, exp_perkPoints, exp_perks FROM players WHERE pid = '76561198087097268'
[10:09:02:531650 +02:00] [Thread 13712] extDB3: Error Unknown Protocol: 1472  Input String: 2:1472:SELECT exp_level, exp_total, exp_perkPoints, exp_perks FROM players WHERE pid = '76561198360005257'
[10:09:06:882304 +02:00] [Thread 13712] extDB3: Error Unknown Protocol: 1472  Input String: 2:1472:SELECT exp_level, exp_total, exp_perkPoints, exp_perks FROM players WHERE pid = '76561198087097268'
[10:09:07:512891 +02:00] [Thread 13712] extDB3: Error Unknown Protocol: 1472  Input String: 2:1472:SELECT exp_level, exp_total, exp_perkPoints, exp_perks FROM players WHERE pid = '76561198360005257'
[10:09:12:577394 +02:00] [Thread 13712] extDB3: Error Unknown Protocol: 1472  Input String: 2:1472:SELECT exp_level, exp_total, exp_perkPoints, exp_perks FROM players WHERE pid = '76561198360005257'
[10:09:17:678164 +02:00] [Thread 13712] extDB3: Error Unknown Protocol: 1472  Input String: 2:1472:SELECT exp_level, exp_total, exp_perkPoints, exp_perks FROM players WHERE pid = '76561198360005257'
[10:09:22:769687 +02:00] [Thread 13712] extDB3: Error Unknown Protocol: 1472  Input String: 2:1472:SELECT exp_level, exp_total, exp_perkPoints, exp_perks FROM players WHERE pid = '76561198360005257'
[10:09:27:846199 +02:00] [Thread 13712] extDB3: Error Unknown Protocol: 1472  Input String: 2:1472:SELECT exp_level, exp_total, exp_perkPoints, exp_perks FROM players WHERE pid = '76561198360005257'
[10:09:32:926711 +02:00] [Thread 13712] extDB3: Error Unknown Protocol: 1472  Input String: 2:1472:SELECT exp_level, exp_total, exp_perkPoints, exp_perks FROM players WHERE pid = '76561198360005257'
[10:09:37:922030 +02:00] [Thread 13712] extDB3: Error Unknown Protocol: 1472  Input String: 2:1472:SELECT exp_level, exp_total, exp_perkPoints, exp_perks FROM players WHERE pid = '76561198360005257'
[10:09:42:926312 +02:00] [Thread 13712] extDB3: Error Unknown Protocol: 1472  Input String: 2:1472:SELECT exp_level, exp_total, exp_perkPoints, exp_perks FROM players WHERE pid = '76561198360005257'
[10:09:47:997894 +02:00] [Thread 13712] extDB3: Error Unknown Protocol: 1472  Input String: 2:1472:SELECT exp_level, exp_total, exp_perkPoints, exp_perks FROM players WHERE pid = '76561198360005257'
[10:09:53:046244 +02:00] [Thread 13712] extDB3: Error Unknown Protocol: 1472  Input String: 2:1472:SELECT exp_level, exp_total, exp_perkPoints, exp_perks FROM players WHERE pid = '76561198360005257'
[10:09:58:148847 +02:00] [Thread 13712] extDB3: Error Unknown Protocol: 1472  Input String: 2:1472:SELECT exp_level, exp_total, exp_perkPoints, exp_perks FROM players WHERE pid = '76561198360005257'
[10:10:03:220310 +02:00] [Thread 13712] extDB3: Error Unknown Protocol: 1472  Input String: 2:1472:SELECT exp_level, exp_total, exp_perkPoints, exp_perks FROM players WHERE pid = '76561198360005257'
[10:10:08:262723 +02:00] [Thread 13712] extDB3: Error Unknown Protocol: 1472  Input String: 2:1472:SELECT exp_level, exp_total, exp_perkPoints, exp_perks FROM players WHERE pid = '76561198360005257'
[10:10:13:297210 +02:00] [Thread 13712] extDB3: Error Unknown Protocol: 1472  Input String: 2:1472:SELECT exp_level, exp_total, exp_perkPoints, exp_perks FROM players WHERE pid = '76561198360005257'
[10:10:18:359684 +02:00] [Thread 13712] extDB3: Error Unknown Protocol: 1472  Input String: 2:1472:SELECT exp_level, exp_total, exp_perkPoints, exp_perks FROM players WHERE pid = '76561198360005257'
[10:10:23:391145 +02:00] [Thread 13712] extDB3: Error Unknown Protocol: 1472  Input String: 2:1472:SELECT exp_level, exp_total, exp_perkPoints, exp_perks FROM players WHERE pid = '76561198360005257'
[10:10:28:459532 +02:00] [Thread 13712] extDB3: Error Unknown Protocol: 1472  Input String: 2:1472:SELECT exp_level, exp_total, exp_perkPoints, exp_perks FROM players WHERE pid = '76561198360005257'
[10:10:33:496928 +02:00] [Thread 13712] extDB3: Error Unknown Protocol: 1472  Input String: 2:1472:SELECT exp_level, exp_total, exp_perkPoints, exp_perks FROM players WHERE pid = '76561198360005257'
[10:10:38:579468 +02:00] [Thread 13712] extDB3: Error Unknown Protocol: 1472  Input String: 2:1472:SELECT exp_level, exp_total, exp_perkPoints, exp_perks FROM players WHERE pid = '76561198360005257'
[10:10:43:615138 +02:00] [Thread 13712] extDB3: Error Unknown Protocol: 1472  Input String: 2:1472:SELECT exp_level, exp_total, exp_perkPoints, exp_perks FROM players WHERE pid = '76561198360005257'
[10:10:48:564812 +02:00] [Thread 13712] extDB3: Error Unknown Protocol: 1472  Input String: 2:1472:SELECT exp_level, exp_total, exp_perkPoints, exp_perks FROM players WHERE pid = '76561198360005257'
[10:10:53:544745 +02:00] [Thread 13712] extDB3: Error Unknown Protocol: 1472  Input String: 2:1472:SELECT exp_level, exp_total, exp_perkPoints, exp_perks FROM players WHERE pid = '76561198360005257'
