
extDB3: https://bitbucket.org/torndeco/extdb3/wiki/Home
extDB3: Version: 1.031
extDB3: Windows Version
Message: All development for extDB3 is done on a Linux Dedicated Server
Message: If you would like to Donate to extDB3 Development
Message: https://www.paypal.com/cgi-bin/webscr?cmd=_s-xclick&hosted_button_id=2SUEFTGABTAM2
Message: Also leave a message if there is any particular feature you would like to see added.
Message: Thanks for all the people that have donated.
Message: Torndeco: 18/05/15


extDB3: Found extdb3-conf.ini
extDB3: Detected 8 Cores, Setting up 6 Worker Threads
extDB3: ...
extDB3: ...
extDB3: ...
extDB3: ...
extDB3: ...
extDB3: ...


[12:01:07:160894 +02:00] [Thread 6504] extDB3: SQL: Initialized: Add Quotes around TEXT Datatypes mode: 2
[12:01:07:160961 +02:00] [Thread 6504] extDB3: SQL: Initialized: NULL = ""
[12:01:07:160986 +02:00] [Thread 6504] extDB3: Locked
[12:24:49:100332 +02:00] [Thread 5692] extDB3: SQL: Error MariaDBQueryException: Unknown column 'playerid' in 'where clause'
[12:24:49:100364 +02:00] [Thread 5692] extDB3: SQL: Error MariaDBQueryException: Input: UPDATE players SET jail_time='6' WHERE playerid='76561198081760318'
[12:24:51:576228 +02:00] [Thread 8076] extDB3: SQL: Error MariaDBQueryException: Unknown column 'playerid' in 'where clause'
[12:24:51:576252 +02:00] [Thread 8076] extDB3: SQL: Error MariaDBQueryException: Input: UPDATE players SET jail_time='5' WHERE playerid='76561198056044686'
[13:58:37:482441 +02:00] [Thread 8076] extDB3: SQL: Error MariaDBQueryException: Unknown column 'playerid' in 'where clause'
[13:58:37:482510 +02:00] [Thread 8076] extDB3: SQL: Error MariaDBQueryException: Input: UPDATE players SET jail_time='12' WHERE playerid='76561198124296161'
[15:12:47:428694 +02:00] [Thread 2980] extDB3: SQL: Error MariaDBQueryException: Unknown column 'playerid' in 'where clause'
[15:12:47:428749 +02:00] [Thread 2980] extDB3: SQL: Error MariaDBQueryException: Input: UPDATE players SET jail_time='12' WHERE playerid='76561198189286937'
[15:36:27:462036 +02:00] [Thread 2980] extDB3: SQL: Error MariaDBQueryException: Unknown column 'playerid' in 'where clause'
[15:36:27:462100 +02:00] [Thread 2980] extDB3: SQL: Error MariaDBQueryException: Input: UPDATE players SET jail_time='120' WHERE playerid='76561198065662996'
[15:37:31:308460 +02:00] [Thread 2980] extDB3: SQL: Error MariaDBQueryException: Unknown column 'playerid' in 'where clause'
[15:37:31:308490 +02:00] [Thread 2980] extDB3: SQL: Error MariaDBQueryException: Input: SELECT jail_time FROM players WHERE playerid='76561198065662996'
[15:52:40:791570 +02:00] [Thread 5692] extDB3: SQL: Error MariaDBQueryException: Unknown column 'playerid' in 'where clause'
[15:52:40:791597 +02:00] [Thread 5692] extDB3: SQL: Error MariaDBQueryException: Input: UPDATE players SET jail_time='5' WHERE playerid='76561198399142058'
