
extDB3: https://bitbucket.org/torndeco/extdb3/wiki/Home
extDB3: Version: 1.031
extDB3: Windows Version
Message: All development for extDB3 is done on a Linux Dedicated Server
Message: If you would like to Donate to extDB3 Development
Message: https://www.paypal.com/cgi-bin/webscr?cmd=_s-xclick&hosted_button_id=2SUEFTGABTAM2
Message: Also leave a message if there is any particular feature you would like to see added.
Message: Thanks for all the people that have donated.
Message: Torndeco: 18/05/15


extDB3: Found extdb3-conf.ini
extDB3: Detected 8 Cores, Setting up 6 Worker Threads
extDB3: ...
extDB3: ...
extDB3: ...
extDB3: ...
extDB3: ...
extDB3: ...


[12:00:59:976334 +02:00] [Thread 15648] extDB3: SQL: Initialized: Add Quotes around TEXT Datatypes mode: 2
[12:00:59:976383 +02:00] [Thread 15648] extDB3: SQL: Initialized: NULL = ""
[12:00:59:976398 +02:00] [Thread 15648] extDB3: Locked
[12:49:12:420273 +02:00] [Thread 22212] extDB3: SQL: Error MariaDBQueryException: Unknown column 'playerid' in 'where clause'
[12:49:12:420317 +02:00] [Thread 22212] extDB3: SQL: Error MariaDBQueryException: Input: UPDATE players SET jail_time='6' WHERE playerid='76561198127763093'
[14:00:25:322650 +02:00] [Thread 21704] extDB3: SQL: Error MariaDBQueryException: Unknown column 'playerid' in 'where clause'
[14:00:25:322689 +02:00] [Thread 21704] extDB3: SQL: Error MariaDBQueryException: Input: UPDATE players SET jail_time='15' WHERE playerid='76561198130359436'
[15:56:43:920294 +02:00] [Thread 21748] extDB3: SQL: Error MariaDBQueryException: Unknown column 'playerid' in 'where clause'
[15:56:43:920341 +02:00] [Thread 21748] extDB3: SQL: Error MariaDBQueryException: Input: UPDATE players SET jail_time='5' WHERE playerid='76561198345690598'
[15:57:00:682805 +02:00] [Thread 21748] extDB3: SQL: Error MariaDBQueryException: Unknown column 'playerid' in 'where clause'
[15:57:00:682850 +02:00] [Thread 21748] extDB3: SQL: Error MariaDBQueryException: Input: UPDATE players SET jail_time='5' WHERE playerid='76561198213617775'
