
extDB3: https://bitbucket.org/torndeco/extdb3/wiki/Home
extDB3: Version: 1.031
extDB3: Windows Version
Message: All development for extDB3 is done on a Linux Dedicated Server
Message: If you would like to Donate to extDB3 Development
Message: https://www.paypal.com/cgi-bin/webscr?cmd=_s-xclick&hosted_button_id=2SUEFTGABTAM2
Message: Also leave a message if there is any particular feature you would like to see added.
Message: Thanks for all the people that have donated.
Message: Torndeco: 18/05/15


extDB3: Found extdb3-conf.ini
extDB3: Detected 8 Cores, Setting up 6 Worker Threads
extDB3: ...
extDB3: ...
extDB3: ...
extDB3: ...
extDB3: ...
extDB3: ...


[16:01:00:695549 +02:00] [Thread 21424] extDB3: SQL: Initialized: Add Quotes around TEXT Datatypes mode: 2
[16:01:00:695635 +02:00] [Thread 21424] extDB3: SQL: Initialized: NULL = ""
[16:01:00:695651 +02:00] [Thread 21424] extDB3: Locked
[16:01:59:361881 +02:00] [Thread 20128] extDB3: SQL: Error MariaDBQueryException: Unknown column 'playerid' in 'where clause'
[16:01:59:361900 +02:00] [Thread 20128] extDB3: SQL: Error MariaDBQueryException: Input: SELECT jail_time FROM players WHERE playerid='76561198345690598'
[16:38:58:417040 +02:00] [Thread 19064] extDB3: SQL: Error MariaDBQueryException: Unknown column 'playerid' in 'where clause'
[16:38:58:417079 +02:00] [Thread 19064] extDB3: SQL: Error MariaDBQueryException: Input: SELECT jail_time FROM players WHERE playerid='76561198213617775'
