
extDB3: https://bitbucket.org/torndeco/extdb3/wiki/Home
extDB3: Version: 1.031
extDB3: Windows Version
Message: All development for extDB3 is done on a Linux Dedicated Server
Message: If you would like to Donate to extDB3 Development
Message: https://www.paypal.com/cgi-bin/webscr?cmd=_s-xclick&hosted_button_id=2SUEFTGABTAM2
Message: Also leave a message if there is any particular feature you would like to see added.
Message: Thanks for all the people that have donated.
Message: Torndeco: 18/05/15


extDB3: Found extdb3-conf.ini
extDB3: Detected 8 Cores, Setting up 6 Worker Threads
extDB3: ...
extDB3: ...
extDB3: ...
extDB3: ...
extDB3: ...
extDB3: ...


[14:54:11:364361 +02:00] [Thread 10740] extDB3: SQL: Initialized: Add Quotes around TEXT Datatypes mode: 2
[14:54:11:364416 +02:00] [Thread 10740] extDB3: SQL: Initialized: NULL = ""
[14:54:11:364433 +02:00] [Thread 10740] extDB3: Locked
[15:58:40:378530 +02:00] [Thread 10504] extDB3: SQL: Error MariaDBQueryException: Unknown column 'playerid' in 'where clause'
[15:58:40:378576 +02:00] [Thread 10504] extDB3: SQL: Error MariaDBQueryException: Input: UPDATE players SET jail_time='10' WHERE playerid='76561198219855771'
[15:58:52:136304 +02:00] [Thread 10400] extDB3: SQL: Error MariaDBQueryException: Unknown column 'playerid' in 'where clause'
[15:58:52:136334 +02:00] [Thread 10400] extDB3: SQL: Error MariaDBQueryException: Input: UPDATE players SET jail_time='10' WHERE playerid='76561198091165258'
