
extDB3: https://bitbucket.org/torndeco/extdb3/wiki/Home
extDB3: Version: 1.031
extDB3: Windows Version
Message: All development for extDB3 is done on a Linux Dedicated Server
Message: If you would like to Donate to extDB3 Development
Message: https://www.paypal.com/cgi-bin/webscr?cmd=_s-xclick&hosted_button_id=2SUEFTGABTAM2
Message: Also leave a message if there is any particular feature you would like to see added.
Message: Thanks for all the people that have donated.
Message: Torndeco: 18/05/15


extDB3: Found extdb3-conf.ini
extDB3: Detected 8 Cores, Setting up 6 Worker Threads
extDB3: ...
extDB3: ...
extDB3: ...
extDB3: ...
extDB3: ...
extDB3: ...


[16:01:02:759806 +02:00] [Thread 188] extDB3: SQL: Initialized: Add Quotes around TEXT Datatypes mode: 2
[16:01:02:759856 +02:00] [Thread 188] extDB3: SQL: Initialized: NULL = ""
[16:01:02:759871 +02:00] [Thread 188] extDB3: Locked
[16:17:48:237868 +02:00] [Thread 8560] extDB3: SQL: Error MariaDBQueryException: Unknown column 'playerid' in 'where clause'
[16:17:48:237888 +02:00] [Thread 8560] extDB3: SQL: Error MariaDBQueryException: Input: SELECT jail_time FROM players WHERE playerid='76561198091165258'
[16:35:05:960618 +02:00] [Thread 10980] extDB3: SQL: Error MariaDBQueryException: Unknown column 'playerid' in 'where clause'
[16:35:05:960659 +02:00] [Thread 10980] extDB3: SQL: Error MariaDBQueryException: Input: UPDATE players SET jail_time='5' WHERE playerid='76561198337436483'
[18:39:35:279879 +02:00] [Thread 10980] extDB3: SQL: Error MariaDBQueryException: Unknown column 'playerid' in 'where clause'
[18:39:35:279932 +02:00] [Thread 10980] extDB3: SQL: Error MariaDBQueryException: Input: UPDATE players SET jail_time='30' WHERE playerid='76561198091165258'
