
extDB3: https://bitbucket.org/torndeco/extdb3/wiki/Home
extDB3: Version: 1.031
extDB3: Windows Version
Message: All development for extDB3 is done on a Linux Dedicated Server
Message: If you would like to Donate to extDB3 Development
Message: https://www.paypal.com/cgi-bin/webscr?cmd=_s-xclick&hosted_button_id=2SUEFTGABTAM2
Message: Also leave a message if there is any particular feature you would like to see added.
Message: Thanks for all the people that have donated.
Message: Torndeco: 18/05/15


extDB3: Found extdb3-conf.ini
extDB3: Detected 8 Cores, Setting up 6 Worker Threads
extDB3: ...
extDB3: ...
extDB3: ...
extDB3: ...
extDB3: ...
extDB3: ...


[20:01:01:629703 +02:00] [Thread 10528] extDB3: SQL: Initialized: Add Quotes around TEXT Datatypes mode: 2
[20:01:01:629756 +02:00] [Thread 10528] extDB3: SQL: Initialized: NULL = ""
[20:01:01:629773 +02:00] [Thread 10528] extDB3: Locked
[22:51:40:290844 +02:00] [Thread 5112] extDB3: SQL: Error MariaDBQueryException: Unknown column 'playerid' in 'where clause'
[22:51:40:290885 +02:00] [Thread 5112] extDB3: SQL: Error MariaDBQueryException: Input: SELECT jail_time FROM players WHERE playerid='76561198219855771'
[22:56:40:943956 +02:00] [Thread 11712] extDB3: SQL: Error MariaDBQueryException: Unknown column 'playerid' in 'where clause'
[22:56:40:943990 +02:00] [Thread 11712] extDB3: SQL: Error MariaDBQueryException: Input: UPDATE players SET jail_time='35' WHERE playerid='76561198093770056'
