
extDB3: https://bitbucket.org/torndeco/extdb3/wiki/Home
extDB3: Version: 1.031
extDB3: Windows Version
Message: All development for extDB3 is done on a Linux Dedicated Server
Message: If you would like to Donate to extDB3 Development
Message: https://www.paypal.com/cgi-bin/webscr?cmd=_s-xclick&hosted_button_id=2SUEFTGABTAM2
Message: Also leave a message if there is any particular feature you would like to see added.
Message: Thanks for all the people that have donated.
Message: Torndeco: 18/05/15


extDB3: Found extdb3-conf.ini
extDB3: Detected 8 Cores, Setting up 6 Worker Threads
extDB3: ...
extDB3: ...
extDB3: ...
extDB3: ...
extDB3: ...
extDB3: ...


[20:00:27:557404 +01:00] [Thread 18276] extDB3: SQL: Initialized: Add Quotes around TEXT Datatypes mode: 2
[20:00:27:557456 +01:00] [Thread 18276] extDB3: SQL: Initialized: NULL = ""
[20:00:27:557471 +01:00] [Thread 18276] extDB3: Locked
[21:38:04:419059 +01:00] [Thread 8892] extDB3: SQL: Error MariaDBQueryException: Unknown column 'playerid' in 'where clause'
[21:38:04:419107 +01:00] [Thread 8892] extDB3: SQL: Error MariaDBQueryException: Input: UPDATE players SET jail_time='20' WHERE playerid='76561198265177274'
[23:15:16:667334 +01:00] [Thread 17176] extDB3: SQL: Error MariaDBQueryException: You have an error in your SQL syntax; check the manual that corresponds to your MariaDB server version for the right syntax to use near 'Майкл' WHERE wantedID='76561198069829578'' at line 1
[23:15:16:667386 +01:00] [Thread 17176] extDB3: SQL: Error MariaDBQueryException: Input: UPDATE wanted SET wantedName='Bratva | Lil'Майкл' WHERE wantedID='76561198069829578'
