
extDB3: https://bitbucket.org/torndeco/extdb3/wiki/Home
extDB3: Version: 1.031
extDB3: Windows Version
Message: All development for extDB3 is done on a Linux Dedicated Server
Message: If you would like to Donate to extDB3 Development
Message: https://www.paypal.com/cgi-bin/webscr?cmd=_s-xclick&hosted_button_id=2SUEFTGABTAM2
Message: Also leave a message if there is any particular feature you would like to see added.
Message: Thanks for all the people that have donated.
Message: Torndeco: 18/05/15


extDB3: Found extdb3-conf.ini
extDB3: Detected 8 Cores, Setting up 6 Worker Threads
extDB3: ...
extDB3: ...
extDB3: ...
extDB3: ...
extDB3: ...
extDB3: ...


[20:02:16:359062 +02:00] [Thread 4492] extDB3: SQL: Initialized: Add Quotes around TEXT Datatypes mode: 2
[20:02:16:359115 +02:00] [Thread 4492] extDB3: SQL: Initialized: NULL = ""
[20:02:16:359135 +02:00] [Thread 4492] extDB3: Locked
[20:24:26:008680 +02:00] [Thread 7260] extDB3: SQL: Error MariaDBQueryException: Unknown column 'playerid' in 'where clause'
[20:24:26:008698 +02:00] [Thread 7260] extDB3: SQL: Error MariaDBQueryException: Input: SELECT jail_time FROM players WHERE playerid='76561198228868640'
[21:26:26:879496 +02:00] [Thread 7260] extDB3: SQL: Error MariaDBQueryException: Unknown column 'playerid' in 'where clause'
[21:26:26:879543 +02:00] [Thread 7260] extDB3: SQL: Error MariaDBQueryException: Input: UPDATE players SET jail_time='20' WHERE playerid='76561198220737688'
[21:29:13:624457 +02:00] [Thread 7916] extDB3: SQL: Error MariaDBQueryException: Unknown column 'playerid' in 'where clause'
[21:29:13:624479 +02:00] [Thread 7916] extDB3: SQL: Error MariaDBQueryException: Input: UPDATE players SET jail_time='30' WHERE playerid='76561198168248121'
