
extDB3: https://bitbucket.org/torndeco/extdb3/wiki/Home
extDB3: Version: 1.031
extDB3: Windows Version
Message: All development for extDB3 is done on a Linux Dedicated Server
Message: If you would like to Donate to extDB3 Development
Message: https://www.paypal.com/cgi-bin/webscr?cmd=_s-xclick&hosted_button_id=2SUEFTGABTAM2
Message: Also leave a message if there is any particular feature you would like to see added.
Message: Thanks for all the people that have donated.
Message: Torndeco: 18/05/15


extDB3: Found extdb3-conf.ini
extDB3: Detected 8 Cores, Setting up 6 Worker Threads
extDB3: ...
extDB3: ...
extDB3: ...
extDB3: ...
extDB3: ...
extDB3: ...


[12:01:30:338966 +02:00] [Thread 28448] extDB3: SQL: Initialized: Add Quotes around TEXT Datatypes mode: 2
[12:01:30:339027 +02:00] [Thread 28448] extDB3: SQL: Initialized: NULL = ""
[12:01:30:339051 +02:00] [Thread 28448] extDB3: Locked
[13:49:29:503087 +02:00] [Thread 28660] extDB3: SQL: Error MariaDBQueryException: Unknown column 'playerid' in 'where clause'
[13:49:29:503157 +02:00] [Thread 28660] extDB3: SQL: Error MariaDBQueryException: Input: UPDATE players SET jail_time='40' WHERE playerid='76561198260378020'
[13:59:59:769537 +02:00] [Thread 15536] extDB3: SQL: Error MariaDBQueryException: Unknown column 'playerid' in 'where clause'
[13:59:59:769567 +02:00] [Thread 15536] extDB3: SQL: Error MariaDBQueryException: Input: SELECT jail_time FROM players WHERE playerid='76561198260378020'
[15:07:49:569283 +02:00] [Thread 28244] extDB3: SQL: Error MariaDBQueryException: Unknown column 'playerid' in 'where clause'
[15:07:49:569341 +02:00] [Thread 28244] extDB3: SQL: Error MariaDBQueryException: Input: UPDATE players SET jail_time='15' WHERE playerid='76561198420153313'
