
extDB3: https://bitbucket.org/torndeco/extdb3/wiki/Home
extDB3: Version: 1.031
extDB3: Windows Version
Message: All development for extDB3 is done on a Linux Dedicated Server
Message: If you would like to Donate to extDB3 Development
Message: https://www.paypal.com/cgi-bin/webscr?cmd=_s-xclick&hosted_button_id=2SUEFTGABTAM2
Message: Also leave a message if there is any particular feature you would like to see added.
Message: Thanks for all the people that have donated.
Message: Torndeco: 18/05/15


extDB3: Found extdb3-conf.ini
extDB3: Detected 8 Cores, Setting up 6 Worker Threads
extDB3: ...
extDB3: ...
extDB3: ...
extDB3: ...
extDB3: ...
extDB3: ...


[16:01:04:970921 +02:00] [Thread 6960] extDB3: SQL: Initialized: Add Quotes around TEXT Datatypes mode: 2
[16:01:04:970986 +02:00] [Thread 6960] extDB3: SQL: Initialized: NULL = ""
[16:01:04:971013 +02:00] [Thread 6960] extDB3: Locked
[17:12:33:966030 +02:00] [Thread 6428] extDB3: SQL: Error MariaDBQueryException: Unknown column 'playerid' in 'where clause'
[17:12:33:966102 +02:00] [Thread 6428] extDB3: SQL: Error MariaDBQueryException: Input: UPDATE players SET jail_time='25' WHERE playerid='76561198272014545'
[18:34:04:599407 +02:00] [Thread 6092] extDB3: SQL: Error MariaDBQueryException: Unknown column 'playerid' in 'where clause'
[18:34:04:599471 +02:00] [Thread 6092] extDB3: SQL: Error MariaDBQueryException: Input: UPDATE players SET jail_time='30' WHERE playerid='76561198260378020'
[18:36:50:079320 +02:00] [Thread 4052] extDB3: SQL: Error MariaDBQueryException: Unknown column 'playerid' in 'where clause'
[18:36:50:079349 +02:00] [Thread 4052] extDB3: SQL: Error MariaDBQueryException: Input: UPDATE players SET jail_time='15' WHERE playerid='76561198087653728'
[18:54:42:554864 +02:00] [Thread 6428] extDB3: SQL: Error MariaDBQueryException: Unknown column 'playerid' in 'where clause'
[18:54:42:554895 +02:00] [Thread 6428] extDB3: SQL: Error MariaDBQueryException: Input: SELECT jail_time FROM players WHERE playerid='76561198087653728'
