
extDB3: https://bitbucket.org/torndeco/extdb3/wiki/Home
extDB3: Version: 1.031
extDB3: Windows Version
Message: All development for extDB3 is done on a Linux Dedicated Server
Message: If you would like to Donate to extDB3 Development
Message: https://www.paypal.com/cgi-bin/webscr?cmd=_s-xclick&hosted_button_id=2SUEFTGABTAM2
Message: Also leave a message if there is any particular feature you would like to see added.
Message: Thanks for all the people that have donated.
Message: Torndeco: 18/05/15


extDB3: Found extdb3-conf.ini
extDB3: Detected 8 Cores, Setting up 6 Worker Threads
extDB3: ...
extDB3: ...
extDB3: ...
extDB3: ...
extDB3: ...
extDB3: ...


[20:00:49:804767 +02:00] [Thread 13300] extDB3: SQL: Initialized: Add Quotes around TEXT Datatypes mode: 2
[20:00:49:804817 +02:00] [Thread 13300] extDB3: SQL: Initialized: NULL = ""
[20:00:49:804833 +02:00] [Thread 13300] extDB3: Locked
[20:21:24:144836 +02:00] [Thread 8804] extDB3: SQL: Error MariaDBQueryException: Unknown column 'playerid' in 'where clause'
[20:21:24:144879 +02:00] [Thread 8804] extDB3: SQL: Error MariaDBQueryException: Input: UPDATE players SET jail_time='6' WHERE playerid='76561198133574746'
[21:40:28:290031 +02:00] [Thread 15588] extDB3: SQL: Error MariaDBQueryException: Unknown column 'playerid' in 'where clause'
[21:40:28:290089 +02:00] [Thread 15588] extDB3: SQL: Error MariaDBQueryException: Input: UPDATE players SET jail_time='5' WHERE playerid='76561198131782802'
