
extDB3: https://bitbucket.org/torndeco/extdb3/wiki/Home
extDB3: Version: 1.031
extDB3: Windows Version
Message: All development for extDB3 is done on a Linux Dedicated Server
Message: If you would like to Donate to extDB3 Development
Message: https://www.paypal.com/cgi-bin/webscr?cmd=_s-xclick&hosted_button_id=2SUEFTGABTAM2
Message: Also leave a message if there is any particular feature you would like to see added.
Message: Thanks for all the people that have donated.
Message: Torndeco: 18/05/15


extDB3: Found extdb3-conf.ini
extDB3: Detected 8 Cores, Setting up 6 Worker Threads
extDB3: ...
extDB3: ...
extDB3: ...
extDB3: ...
extDB3: ...
extDB3: ...


[20:00:44:330491 +01:00] [Thread 7852] extDB3: SQL: Initialized: Add Quotes around TEXT Datatypes mode: 2
[20:00:44:330673 +01:00] [Thread 7852] extDB3: SQL: Initialized: NULL = ""
[20:00:44:330748 +01:00] [Thread 7852] extDB3: Locked
[22:09:16:981251 +01:00] [Thread 5220] extDB3: SQL: Error MariaDBQueryException: Unknown column 'playerid' in 'where clause'
[22:09:16:981305 +01:00] [Thread 5220] extDB3: SQL: Error MariaDBQueryException: Input: UPDATE players SET jail_time='30' WHERE playerid='76561198265031786'
[22:41:36:401275 +01:00] [Thread 9060] extDB3: SQL: Error MariaDBQueryException: Unknown column 'playerid' in 'where clause'
[22:41:36:401348 +01:00] [Thread 9060] extDB3: SQL: Error MariaDBQueryException: Input: SELECT jail_time FROM players WHERE playerid='76561198265031786'
[00:18:48:123808 +01:00] [Thread 5220] extDB3: SQL: Error MariaDBQueryException: Unknown column 'playerid' in 'where clause'
[00:18:48:123895 +01:00] [Thread 5220] extDB3: SQL: Error MariaDBQueryException: Input: UPDATE players SET jail_time='20' WHERE playerid='76561198127075756'
