
extDB3: https://bitbucket.org/torndeco/extdb3/wiki/Home
extDB3: Version: 1.031
extDB3: Windows Version
Message: All development for extDB3 is done on a Linux Dedicated Server
Message: If you would like to Donate to extDB3 Development
Message: https://www.paypal.com/cgi-bin/webscr?cmd=_s-xclick&hosted_button_id=2SUEFTGABTAM2
Message: Also leave a message if there is any particular feature you would like to see added.
Message: Thanks for all the people that have donated.
Message: Torndeco: 18/05/15


extDB3: Found extdb3-conf.ini
extDB3: Detected 8 Cores, Setting up 6 Worker Threads
extDB3: ...
extDB3: ...
extDB3: ...
extDB3: ...
extDB3: ...
extDB3: ...


[19:04:47:061436 +01:00] [Thread 4288] extDB3: SQL: Initialized: Add Quotes around TEXT Datatypes mode: 2
[19:04:47:061608 +01:00] [Thread 4288] extDB3: SQL: Initialized: NULL = ""
[19:04:47:061685 +01:00] [Thread 4288] extDB3: Locked
[22:12:57:519792 +01:00] [Thread 2808] extDB3: SQL: Error MariaDBQueryException: Unknown column 'playerid' in 'where clause'
[22:12:57:519893 +01:00] [Thread 2808] extDB3: SQL: Error MariaDBQueryException: Input: UPDATE players SET jail_time='5' WHERE playerid='76561198061575001'
[22:13:21:871194 +01:00] [Thread 2808] extDB3: SQL: Error MariaDBQueryException: Unknown column 'playerid' in 'where clause'
[22:13:21:871217 +01:00] [Thread 2808] extDB3: SQL: Error MariaDBQueryException: Input: UPDATE players SET jail_time='5' WHERE playerid='76561198126159531'
