
extDB3: https://bitbucket.org/torndeco/extdb3/wiki/Home
extDB3: Version: 1.031
extDB3: Windows Version
Message: All development for extDB3 is done on a Linux Dedicated Server
Message: If you would like to Donate to extDB3 Development
Message: https://www.paypal.com/cgi-bin/webscr?cmd=_s-xclick&hosted_button_id=2SUEFTGABTAM2
Message: Also leave a message if there is any particular feature you would like to see added.
Message: Thanks for all the people that have donated.
Message: Torndeco: 18/05/15


extDB3: Found extdb3-conf.ini
extDB3: Detected 8 Cores, Setting up 6 Worker Threads
extDB3: ...
extDB3: ...
extDB3: ...
extDB3: ...
extDB3: ...
extDB3: ...


[08:00:34:820862 +01:00] [Thread 4772] extDB3: SQL: Initialized: Add Quotes around TEXT Datatypes mode: 2
[08:00:34:820915 +01:00] [Thread 4772] extDB3: SQL: Initialized: NULL = ""
[08:00:34:820932 +01:00] [Thread 4772] extDB3: Locked
[12:37:57:788715 +01:00] [Thread 5700] extDB3: SQL: Error MariaDBQueryException: You have an error in your SQL syntax; check the manual that corresponds to your MariaDB server version for the right syntax to use near 'Майкл' WHERE wantedID='76561198069829578'' at line 1
[12:37:57:788758 +01:00] [Thread 5700] extDB3: SQL: Error MariaDBQueryException: Input: UPDATE wanted SET wantedName='Bratva | Lil'Майкл' WHERE wantedID='76561198069829578'
[12:38:37:621929 +01:00] [Thread 4868] extDB3: SQL: Error MariaDBQueryException: You have an error in your SQL syntax; check the manual that corresponds to your MariaDB server version for the right syntax to use near 'Майкл' WHERE wantedID='76561198069829578'' at line 1
[12:38:37:621958 +01:00] [Thread 4868] extDB3: SQL: Error MariaDBQueryException: Input: UPDATE wanted SET wantedName='Bratva | Lil'Майкл' WHERE wantedID='76561198069829578'
[13:26:24:603623 +01:00] [Thread 5700] extDB3: SQL: Error MariaDBQueryException: You have an error in your SQL syntax; check the manual that corresponds to your MariaDB server version for the right syntax to use near 'Майкл' WHERE wantedID='76561198069829578'' at line 1
[13:26:24:603690 +01:00] [Thread 5700] extDB3: SQL: Error MariaDBQueryException: Input: UPDATE wanted SET wantedName='Bratva | Lil'Майкл' WHERE wantedID='76561198069829578'
