
extDB3: https://bitbucket.org/torndeco/extdb3/wiki/Home
extDB3: Version: 1.031
extDB3: Windows Version
Message: All development for extDB3 is done on a Linux Dedicated Server
Message: If you would like to Donate to extDB3 Development
Message: https://www.paypal.com/cgi-bin/webscr?cmd=_s-xclick&hosted_button_id=2SUEFTGABTAM2
Message: Also leave a message if there is any particular feature you would like to see added.
Message: Thanks for all the people that have donated.
Message: Torndeco: 18/05/15


extDB3: Found extdb3-conf.ini
extDB3: Detected 8 Cores, Setting up 6 Worker Threads
extDB3: ...
extDB3: ...
extDB3: ...
extDB3: ...
extDB3: ...
extDB3: ...


[12:00:49:639635 +02:00] [Thread 12744] extDB3: SQL: Initialized: Add Quotes around TEXT Datatypes mode: 2
[12:00:49:639703 +02:00] [Thread 12744] extDB3: SQL: Initialized: NULL = ""
[12:00:49:639719 +02:00] [Thread 12744] extDB3: Locked
[15:36:12:396909 +02:00] [Thread 12916] extDB3: SQL: Error MariaDBQueryException: Unknown column 'playerid' in 'where clause'
[15:36:12:396957 +02:00] [Thread 12916] extDB3: SQL: Error MariaDBQueryException: Input: UPDATE players SET jail_time='5' WHERE playerid='76561198218023819'
[15:59:06:189095 +02:00] [Thread 4820] extDB3: SQL: Error MariaDBQueryException: Unknown column 'playerid' in 'where clause'
[15:59:06:189116 +02:00] [Thread 4820] extDB3: SQL: Error MariaDBQueryException: Input: UPDATE players SET jail_time='15' WHERE playerid='76561198153278900'
