
extDB3: https://bitbucket.org/torndeco/extdb3/wiki/Home
extDB3: Version: 1.031
extDB3: Windows Version
Message: All development for extDB3 is done on a Linux Dedicated Server
Message: If you would like to Donate to extDB3 Development
Message: https://www.paypal.com/cgi-bin/webscr?cmd=_s-xclick&hosted_button_id=2SUEFTGABTAM2
Message: Also leave a message if there is any particular feature you would like to see added.
Message: Thanks for all the people that have donated.
Message: Torndeco: 18/05/15


extDB3: Found extdb3-conf.ini
extDB3: Detected 8 Cores, Setting up 6 Worker Threads
extDB3: ...
extDB3: ...
extDB3: ...
extDB3: ...
extDB3: ...
extDB3: ...


[16:00:50:343001 +02:00] [Thread 5044] extDB3: SQL: Initialized: Add Quotes around TEXT Datatypes mode: 2
[16:00:50:343054 +02:00] [Thread 5044] extDB3: SQL: Initialized: NULL = ""
[16:00:50:343072 +02:00] [Thread 5044] extDB3: Locked
[16:34:43:590437 +02:00] [Thread 15536] extDB3: SQL: Error MariaDBQueryException: Unknown column 'playerid' in 'where clause'
[16:34:43:590475 +02:00] [Thread 15536] extDB3: SQL: Error MariaDBQueryException: Input: SELECT jail_time FROM players WHERE playerid='76561198153278900'
[16:55:23:689220 +02:00] [Thread 10696] extDB3: SQL: Error MariaDBQueryException: Unknown column 'playerid' in 'where clause'
[16:55:23:689266 +02:00] [Thread 10696] extDB3: SQL: Error MariaDBQueryException: Input: UPDATE players SET jail_time='60' WHERE playerid='76561198798549260'
[17:58:42:594744 +02:00] [Thread 11496] extDB3: SQL: Error MariaDBQueryException: Unknown column 'playerid' in 'where clause'
[17:58:42:594786 +02:00] [Thread 11496] extDB3: SQL: Error MariaDBQueryException: Input: SELECT jail_time FROM players WHERE playerid='76561198798549260'
[18:10:46:830642 +02:00] [Thread 10696] extDB3: SQL: Error MariaDBQueryException: Unknown column 'playerid' in 'where clause'
[18:10:46:830661 +02:00] [Thread 10696] extDB3: SQL: Error MariaDBQueryException: Input: SELECT jail_time FROM players WHERE playerid='76561198798549260'
[18:21:50:770233 +02:00] [Thread 15536] extDB3: SQL: Error MariaDBQueryException: Unknown column 'playerid' in 'where clause'
[18:21:50:770276 +02:00] [Thread 15536] extDB3: SQL: Error MariaDBQueryException: Input: UPDATE players SET jail_time='5' WHERE playerid='76561198378916314'
[19:38:26:214301 +02:00] [Thread 14244] extDB3: SQL: Error MariaDBQueryException: Unknown column 'playerid' in 'where clause'
[19:38:26:214487 +02:00] [Thread 14244] extDB3: SQL: Error MariaDBQueryException: Input: UPDATE players SET jail_time='15' WHERE playerid='76561198100409540'
