
extDB3: https://bitbucket.org/torndeco/extdb3/wiki/Home
extDB3: Version: 1.031
extDB3: Windows Version
Message: All development for extDB3 is done on a Linux Dedicated Server
Message: If you would like to Donate to extDB3 Development
Message: https://www.paypal.com/cgi-bin/webscr?cmd=_s-xclick&hosted_button_id=2SUEFTGABTAM2
Message: Also leave a message if there is any particular feature you would like to see added.
Message: Thanks for all the people that have donated.
Message: Torndeco: 18/05/15


extDB3: Found extdb3-conf.ini
extDB3: Detected 8 Cores, Setting up 6 Worker Threads
extDB3: ...
extDB3: ...
extDB3: ...
extDB3: ...
extDB3: ...
extDB3: ...


[12:01:30:016009 +02:00] [Thread 2456] extDB3: SQL: Initialized: Add Quotes around TEXT Datatypes mode: 2
[12:01:30:016061 +02:00] [Thread 2456] extDB3: SQL: Initialized: NULL = ""
[12:01:30:016078 +02:00] [Thread 2456] extDB3: Locked
[14:04:54:682321 +02:00] [Thread 6388] extDB3: SQL: Error MariaDBQueryException: Unknown column 'playerid' in 'where clause'
[14:04:54:682372 +02:00] [Thread 6388] extDB3: SQL: Error MariaDBQueryException: Input: UPDATE players SET jail_time='30' WHERE playerid='76561198087097268'
[15:31:27:837356 +02:00] [Thread 5900] extDB3: SQL: Error MariaDBQueryException: Unknown column 'playerid' in 'where clause'
[15:31:27:837402 +02:00] [Thread 5900] extDB3: SQL: Error MariaDBQueryException: Input: UPDATE players SET jail_time='10' WHERE playerid='76561198228868640'
[15:36:41:619112 +02:00] [Thread 1288] extDB3: SQL: Error MariaDBQueryException: Unknown column 'playerid' in 'where clause'
[15:36:41:619129 +02:00] [Thread 1288] extDB3: SQL: Error MariaDBQueryException: Input: SELECT jail_time FROM players WHERE playerid='76561198228868640'
[15:43:14:120100 +02:00] [Thread 7092] extDB3: SQL: Error MariaDBQueryException: Unknown column 'playerid' in 'where clause'
[15:43:14:120121 +02:00] [Thread 7092] extDB3: SQL: Error MariaDBQueryException: Input: UPDATE players SET jail_time='5' WHERE playerid='76561198206825343'
[15:43:24:015148 +02:00] [Thread 7092] extDB3: SQL: Error MariaDBQueryException: Unknown column 'playerid' in 'where clause'
[15:43:24:015168 +02:00] [Thread 7092] extDB3: SQL: Error MariaDBQueryException: Input: UPDATE players SET jail_time='10' WHERE playerid='76561198147826034'
